INFO 2021-10-30 17:56:15,043 autoreload 637 Watching for file changes with StatReloader
INFO 2021-10-30 17:56:28,917 basehttp 161 "GET /runoob/ HTTP/1.1" 200 182
INFO 2021-10-30 17:57:31,417 autoreload 251 E:\Engineers\Microfilm\Microfilm\settings.py changed, reloading.
INFO 2021-10-30 17:57:32,066 autoreload 18072 9072 Watching for file changes with StatReloader
INFO 2021-10-30 17:57:35,642 basehttp 18072 10052 "GET /runoob/ HTTP/1.1" 200 182
INFO 2021-10-30 17:58:10,205 autoreload 18072 9072 E:\Engineers\Microfilm\Microfilm\settings.py changed, reloading.
INFO 2021-10-30 17:58:10,862 autoreload 637 Watching for file changes with StatReloader
INFO 2021-10-30 17:58:14,846 basehttp 161 "GET /runoob/ HTTP/1.1" 200 182
INFO 2021-10-30 18:06:21,692 autoreload 251 E:\Engineers\Microfilm\Microfilm\settings.py changed, reloading.
INFO 2021-10-30 18:06:22,344 autoreload 637 Watching for file changes with StatReloader
INFO 2021-12-18 13:57:33,015 autoreload 643 Watching for file changes with StatReloader
INFO 2021-12-18 13:58:16,801 autoreload 643 Watching for file changes with StatReloader
INFO 2021-12-18 14:02:19,954 autoreload 643 Watching for file changes with StatReloader
INFO 2021-12-18 14:02:42,816 autoreload 643 Watching for file changes with StatReloader
INFO 2021-12-18 14:03:49,817 autoreload 643 Watching for file changes with StatReloader
INFO 2021-12-18 14:06:35,915 autoreload 257 E:\Engineers\Microfilm\Microfilm\settings.py changed, reloading.
INFO 2021-12-18 14:06:36,293 autoreload 643 Watching for file changes with StatReloader
INFO 2021-12-18 14:06:45,758 autoreload 257 E:\Engineers\Microfilm\Microfilm\settings.py changed, reloading.
INFO 2021-12-18 14:06:46,139 autoreload 643 Watching for file changes with StatReloader
INFO 2021-12-18 14:06:50,105 autoreload 643 Watching for file changes with StatReloader
WARNING 2021-12-18 14:06:52,753 log 225 Not Found: /
WARNING 2021-12-18 14:06:52,753 basehttp 179 "GET / HTTP/1.1" 404 2169
WARNING 2021-12-18 14:06:52,847 log 225 Not Found: /favicon.ico
WARNING 2021-12-18 14:06:52,847 basehttp 179 "GET /favicon.ico HTTP/1.1" 404 2220
INFO 2021-12-18 14:07:33,541 autoreload 257 E:\Engineers\Microfilm\Microfilm\settings.py changed, reloading.
INFO 2021-12-18 14:08:11,164 autoreload 643 Watching for file changes with StatReloader
WARNING 2021-12-18 14:11:32,815 log 225 Not Found: /
WARNING 2021-12-18 14:11:32,816 basehttp 179 "GET / HTTP/1.1" 404 2169
WARNING 2021-12-18 14:12:44,385 log 225 Not Found: /runoob.html
WARNING 2021-12-18 14:12:44,385 basehttp 179 "GET /runoob.html HTTP/1.1" 404 2220
INFO 2021-12-18 14:13:49,822 basehttp 179 "GET /admin HTTP/1.1" 301 0
INFO 2021-12-18 14:13:49,830 basehttp 179 "GET /admin/ HTTP/1.1" 302 0
INFO 2021-12-18 14:13:49,850 basehttp 179 "GET /admin/login/?next=/admin/ HTTP/1.1" 200 2220
INFO 2021-12-18 14:13:50,038 basehttp 179 "GET /statics/admin/css/responsive.css HTTP/1.1" 200 18545
INFO 2021-12-18 14:13:50,043 basehttp 179 "GET /statics/admin/css/nav_sidebar.css HTTP/1.1" 200 2616
INFO 2021-12-18 14:13:50,044 basehttp 179 "GET /statics/admin/css/base.css HTTP/1.1" 200 19513
INFO 2021-12-18 14:13:50,047 basehttp 179 "GET /statics/admin/css/fonts.css HTTP/1.1" 200 423
INFO 2021-12-18 14:13:50,048 basehttp 179 "GET /statics/admin/css/login.css HTTP/1.1" 200 954
INFO 2021-12-18 14:13:50,050 basehttp 179 "GET /statics/admin/js/nav_sidebar.js HTTP/1.1" 200 3401
INFO 2021-12-18 14:13:50,073 basehttp 179 "GET /statics/admin/fonts/Roboto-Regular-webfont.woff HTTP/1.1" 200 85876
INFO 2021-12-18 14:13:50,074 basehttp 179 "GET /statics/admin/fonts/Roboto-Light-webfont.woff HTTP/1.1" 200 85692
INFO 2021-12-18 14:14:05,117 basehttp 179 "GET /runoob HTTP/1.1" 301 0
INFO 2021-12-18 14:14:05,120 basehttp 179 "GET /runoob/ HTTP/1.1" 200 182
WARNING 2021-12-18 14:19:44,805 log 225 Not Found: /statics
WARNING 2021-12-18 14:19:44,805 basehttp 179 "GET /statics HTTP/1.1" 404 2208
INFO 2021-12-18 14:20:55,223 autoreload 257 E:\Engineers\Microfilm\views\system_manage.py changed, reloading.
INFO 2021-12-18 14:20:55,590 autoreload 643 Watching for file changes with StatReloader
INFO 2021-12-18 14:21:35,843 autoreload 257 E:\Engineers\Microfilm\Microfilm\urls.py changed, reloading.
INFO 2021-12-18 14:21:36,221 autoreload 643 Watching for file changes with StatReloader
INFO 2021-12-18 14:21:44,441 basehttp 179 "GET /layuiAdmin HTTP/1.1" 301 0
ERROR 2021-12-18 14:21:44,473 log 225 Internal Server Error: /layuiAdmin/
Traceback (most recent call last):
  File "E:\Engineers\Microfilm\venv\lib\site-packages\django\core\handlers\exception.py", line 47, in inner
    response = get_response(request)
  File "E:\Engineers\Microfilm\venv\lib\site-packages\django\core\handlers\base.py", line 181, in _get_response
    response = wrapped_callback(request, *callback_args, **callback_kwargs)
  File "E:\Engineers\Microfilm\views\system_manage.py", line 15, in layuiAdmin
    return render(request,'statics/layuiAdmin/views/index.html')
  File "E:\Engineers\Microfilm\venv\lib\site-packages\django\shortcuts.py", line 19, in render
    content = loader.render_to_string(template_name, context, request, using=using)
  File "E:\Engineers\Microfilm\venv\lib\site-packages\django\template\loader.py", line 61, in render_to_string
    template = get_template(template_name, using=using)
  File "E:\Engineers\Microfilm\venv\lib\site-packages\django\template\loader.py", line 19, in get_template
    raise TemplateDoesNotExist(template_name, chain=chain)
django.template.exceptions.TemplateDoesNotExist: statics/layuiAdmin/views/index.html
ERROR 2021-12-18 14:21:44,474 basehttp 179 "GET /layuiAdmin/ HTTP/1.1" 500 78049
INFO 2021-12-18 14:22:07,382 autoreload 257 E:\Engineers\Microfilm\Microfilm\settings.py changed, reloading.
INFO 2021-12-18 14:22:07,851 autoreload 643 Watching for file changes with StatReloader
ERROR 2021-12-18 14:22:10,279 log 225 Internal Server Error: /layuiAdmin/
Traceback (most recent call last):
  File "E:\Engineers\Microfilm\venv\lib\site-packages\django\core\handlers\exception.py", line 47, in inner
    response = get_response(request)
  File "E:\Engineers\Microfilm\venv\lib\site-packages\django\core\handlers\base.py", line 181, in _get_response
    response = wrapped_callback(request, *callback_args, **callback_kwargs)
  File "E:\Engineers\Microfilm\views\system_manage.py", line 15, in layuiAdmin
    return render(request,'statics/layuiAdmin/views/index.html')
  File "E:\Engineers\Microfilm\venv\lib\site-packages\django\shortcuts.py", line 19, in render
    content = loader.render_to_string(template_name, context, request, using=using)
  File "E:\Engineers\Microfilm\venv\lib\site-packages\django\template\loader.py", line 61, in render_to_string
    template = get_template(template_name, using=using)
  File "E:\Engineers\Microfilm\venv\lib\site-packages\django\template\loader.py", line 19, in get_template
    raise TemplateDoesNotExist(template_name, chain=chain)
django.template.exceptions.TemplateDoesNotExist: statics/layuiAdmin/views/index.html
ERROR 2021-12-18 14:22:10,281 basehttp 179 "GET /layuiAdmin/ HTTP/1.1" 500 78180
INFO 2021-12-18 14:22:17,642 autoreload 257 E:\Engineers\Microfilm\views\system_manage.py changed, reloading.
INFO 2021-12-18 14:22:17,994 autoreload 643 Watching for file changes with StatReloader
INFO 2021-12-18 14:22:20,051 basehttp 179 "GET /layuiAdmin/ HTTP/1.1" 200 14141
INFO 2021-12-18 14:24:21,185 autoreload 257 E:\Engineers\Microfilm\views\system_manage.py changed, reloading.
INFO 2021-12-18 14:24:21,618 autoreload 643 Watching for file changes with StatReloader
ERROR 2021-12-18 14:24:23,653 log 225 Internal Server Error: /layuiAdmin/
Traceback (most recent call last):
  File "E:\Engineers\Microfilm\venv\lib\site-packages\django\core\handlers\exception.py", line 47, in inner
    response = get_response(request)
  File "E:\Engineers\Microfilm\venv\lib\site-packages\django\core\handlers\base.py", line 181, in _get_response
    response = wrapped_callback(request, *callback_args, **callback_kwargs)
  File "E:\Engineers\Microfilm\views\system_manage.py", line 15, in layuiAdmin
    return render(request,'layuiAdmin/start/index.html')
  File "E:\Engineers\Microfilm\venv\lib\site-packages\django\shortcuts.py", line 19, in render
    content = loader.render_to_string(template_name, context, request, using=using)
  File "E:\Engineers\Microfilm\venv\lib\site-packages\django\template\loader.py", line 61, in render_to_string
    template = get_template(template_name, using=using)
  File "E:\Engineers\Microfilm\venv\lib\site-packages\django\template\loader.py", line 19, in get_template
    raise TemplateDoesNotExist(template_name, chain=chain)
django.template.exceptions.TemplateDoesNotExist: layuiAdmin/start/index.html
ERROR 2021-12-18 14:24:23,654 basehttp 179 "GET /layuiAdmin/ HTTP/1.1" 500 78052
INFO 2021-12-18 14:25:20,682 basehttp 179 "GET /layuiAdmin/ HTTP/1.1" 200 834
WARNING 2021-12-18 14:25:20,699 log 225 Not Found: /layuiAdmin/layui/layui.js
WARNING 2021-12-18 14:25:20,700 log 225 Not Found: /layuiAdmin/layui/css/layui.css
WARNING 2021-12-18 14:25:20,700 basehttp 179 "GET /layuiAdmin/layui/layui.js HTTP/1.1" 404 2373
WARNING 2021-12-18 14:25:20,701 basehttp 179 "GET /layuiAdmin/layui/css/layui.css HTTP/1.1" 404 2388
WARNING 2021-12-18 14:25:20,706 log 225 Not Found: /layuiAdmin/layui/layui.js
WARNING 2021-12-18 14:25:20,706 basehttp 179 "GET /layuiAdmin/layui/layui.js HTTP/1.1" 404 2373
INFO 2021-12-18 14:25:35,746 basehttp 179 "GET /layuiAdmin/ HTTP/1.1" 200 834
WARNING 2021-12-18 14:25:35,762 log 225 Not Found: /layuiAdmin/layui/css/layui.css
WARNING 2021-12-18 14:25:35,762 log 225 Not Found: /layuiAdmin/layui/layui.js
WARNING 2021-12-18 14:25:35,763 basehttp 179 "GET /layuiAdmin/layui/css/layui.css HTTP/1.1" 404 2388
WARNING 2021-12-18 14:25:35,763 basehttp 179 "GET /layuiAdmin/layui/layui.js HTTP/1.1" 404 2373
WARNING 2021-12-18 14:25:35,768 log 225 Not Found: /layuiAdmin/layui/layui.js
WARNING 2021-12-18 14:25:35,769 basehttp 179 "GET /layuiAdmin/layui/layui.js HTTP/1.1" 404 2373
INFO 2021-12-18 14:25:39,837 basehttp 179 "GET /layuiAdmin/ HTTP/1.1" 200 834
WARNING 2021-12-18 14:25:39,852 log 225 Not Found: /layuiAdmin/layui/layui.js
WARNING 2021-12-18 14:25:39,852 log 225 Not Found: /layuiAdmin/layui/css/layui.css
WARNING 2021-12-18 14:25:39,853 basehttp 179 "GET /layuiAdmin/layui/layui.js HTTP/1.1" 404 2373
WARNING 2021-12-18 14:25:39,853 basehttp 179 "GET /layuiAdmin/layui/css/layui.css HTTP/1.1" 404 2388
WARNING 2021-12-18 14:25:39,858 log 225 Not Found: /layuiAdmin/layui/layui.js
WARNING 2021-12-18 14:25:39,858 basehttp 179 "GET /layuiAdmin/layui/layui.js HTTP/1.1" 404 2373
INFO 2021-12-18 14:25:40,289 basehttp 179 "GET /layuiAdmin/ HTTP/1.1" 200 834
WARNING 2021-12-18 14:25:40,303 log 225 Not Found: /layuiAdmin/layui/layui.js
WARNING 2021-12-18 14:25:40,304 log 225 Not Found: /layuiAdmin/layui/css/layui.css
WARNING 2021-12-18 14:25:40,304 basehttp 179 "GET /layuiAdmin/layui/layui.js HTTP/1.1" 404 2373
WARNING 2021-12-18 14:25:40,304 basehttp 179 "GET /layuiAdmin/layui/css/layui.css HTTP/1.1" 404 2388
WARNING 2021-12-18 14:25:40,309 log 225 Not Found: /layuiAdmin/layui/layui.js
WARNING 2021-12-18 14:25:40,310 basehttp 179 "GET /layuiAdmin/layui/layui.js HTTP/1.1" 404 2373
INFO 2021-12-18 14:25:40,499 basehttp 179 "GET /layuiAdmin/ HTTP/1.1" 200 834
WARNING 2021-12-18 14:25:40,515 log 225 Not Found: /layuiAdmin/layui/layui.js
WARNING 2021-12-18 14:25:40,515 log 225 Not Found: /layuiAdmin/layui/css/layui.css
WARNING 2021-12-18 14:25:40,516 basehttp 179 "GET /layuiAdmin/layui/layui.js HTTP/1.1" 404 2373
WARNING 2021-12-18 14:25:40,516 basehttp 179 "GET /layuiAdmin/layui/css/layui.css HTTP/1.1" 404 2388
WARNING 2021-12-18 14:25:40,522 log 225 Not Found: /layuiAdmin/layui/layui.js
WARNING 2021-12-18 14:25:40,523 basehttp 179 "GET /layuiAdmin/layui/layui.js HTTP/1.1" 404 2373
INFO 2021-12-18 14:25:40,738 basehttp 179 "GET /layuiAdmin/ HTTP/1.1" 200 834
WARNING 2021-12-18 14:25:40,753 log 225 Not Found: /layuiAdmin/layui/css/layui.css
WARNING 2021-12-18 14:25:40,754 log 225 Not Found: /layuiAdmin/layui/layui.js
WARNING 2021-12-18 14:25:40,755 basehttp 179 "GET /layuiAdmin/layui/css/layui.css HTTP/1.1" 404 2388
WARNING 2021-12-18 14:25:40,755 basehttp 179 "GET /layuiAdmin/layui/layui.js HTTP/1.1" 404 2373
ERROR 2021-12-18 14:37:45,262 log 225 Internal Server Error: /runoob/
Traceback (most recent call last):
  File "E:\Engineers\Microfilm\venv\lib\site-packages\django\core\handlers\exception.py", line 47, in inner
    response = get_response(request)
  File "E:\Engineers\Microfilm\venv\lib\site-packages\django\core\handlers\base.py", line 181, in _get_response
    response = wrapped_callback(request, *callback_args, **callback_kwargs)
  File "E:\Engineers\Microfilm\views\system_manage.py", line 11, in runoob
    return render(request, "runoob.html", {"views_str": views_str})
  File "E:\Engineers\Microfilm\venv\lib\site-packages\django\shortcuts.py", line 19, in render
    content = loader.render_to_string(template_name, context, request, using=using)
  File "E:\Engineers\Microfilm\venv\lib\site-packages\django\template\loader.py", line 61, in render_to_string
    template = get_template(template_name, using=using)
  File "E:\Engineers\Microfilm\venv\lib\site-packages\django\template\loader.py", line 19, in get_template
    raise TemplateDoesNotExist(template_name, chain=chain)
django.template.exceptions.TemplateDoesNotExist: runoob.html
ERROR 2021-12-18 14:37:45,263 basehttp 179 "GET /runoob/ HTTP/1.1" 500 78746
INFO 2021-12-18 14:37:57,734 basehttp 179 "GET /layuiAdmin/ HTTP/1.1" 200 834
WARNING 2021-12-18 14:37:57,752 log 225 Not Found: /layuiAdmin/layui/css/layui.css
WARNING 2021-12-18 14:37:57,752 log 225 Not Found: /layuiAdmin/layui/layui.js
WARNING 2021-12-18 14:37:57,753 basehttp 179 "GET /layuiAdmin/layui/css/layui.css HTTP/1.1" 404 2388
WARNING 2021-12-18 14:37:57,753 basehttp 179 "GET /layuiAdmin/layui/layui.js HTTP/1.1" 404 2373
WARNING 2021-12-18 14:37:57,761 log 225 Not Found: /layuiAdmin/layui/layui.js
WARNING 2021-12-18 14:37:57,762 basehttp 179 "GET /layuiAdmin/layui/layui.js HTTP/1.1" 404 2373
INFO 2021-12-18 14:38:28,268 autoreload 257 E:\Engineers\Microfilm\Microfilm\settings.py changed, reloading.
INFO 2021-12-18 14:38:28,644 autoreload 643 Watching for file changes with StatReloader
INFO 2021-12-18 14:39:42,600 autoreload 257 E:\Engineers\Microfilm\views\system_manage.py changed, reloading.
INFO 2021-12-18 14:39:42,974 autoreload 643 Watching for file changes with StatReloader
INFO 2021-12-18 14:39:52,316 autoreload 257 E:\Engineers\Microfilm\Microfilm\urls.py changed, reloading.
INFO 2021-12-18 14:39:52,664 autoreload 643 Watching for file changes with StatReloader
ERROR 2021-12-18 14:39:56,454 log 225 Internal Server Error: /layuiAdmin/
Traceback (most recent call last):
  File "E:\Engineers\Microfilm\venv\lib\site-packages\django\core\handlers\exception.py", line 47, in inner
    response = get_response(request)
  File "E:\Engineers\Microfilm\venv\lib\site-packages\django\core\handlers\base.py", line 181, in _get_response
    response = wrapped_callback(request, *callback_args, **callback_kwargs)
  File "E:\Engineers\Microfilm\views\system_manage.py", line 15, in layuiAdmin
    return render(request,'layuiAdmin/start/index.html')
  File "E:\Engineers\Microfilm\venv\lib\site-packages\django\shortcuts.py", line 19, in render
    content = loader.render_to_string(template_name, context, request, using=using)
  File "E:\Engineers\Microfilm\venv\lib\site-packages\django\template\loader.py", line 61, in render_to_string
    template = get_template(template_name, using=using)
  File "E:\Engineers\Microfilm\venv\lib\site-packages\django\template\loader.py", line 19, in get_template
    raise TemplateDoesNotExist(template_name, chain=chain)
django.template.exceptions.TemplateDoesNotExist: layuiAdmin/start/index.html
ERROR 2021-12-18 14:39:56,455 basehttp 179 "GET /layuiAdmin/ HTTP/1.1" 500 78720
ERROR 2021-12-18 14:39:57,620 log 225 Internal Server Error: /layuiAdmin/
Traceback (most recent call last):
  File "E:\Engineers\Microfilm\venv\lib\site-packages\django\core\handlers\exception.py", line 47, in inner
    response = get_response(request)
  File "E:\Engineers\Microfilm\venv\lib\site-packages\django\core\handlers\base.py", line 181, in _get_response
    response = wrapped_callback(request, *callback_args, **callback_kwargs)
  File "E:\Engineers\Microfilm\views\system_manage.py", line 15, in layuiAdmin
    return render(request,'layuiAdmin/start/index.html')
  File "E:\Engineers\Microfilm\venv\lib\site-packages\django\shortcuts.py", line 19, in render
    content = loader.render_to_string(template_name, context, request, using=using)
  File "E:\Engineers\Microfilm\venv\lib\site-packages\django\template\loader.py", line 61, in render_to_string
    template = get_template(template_name, using=using)
  File "E:\Engineers\Microfilm\venv\lib\site-packages\django\template\loader.py", line 19, in get_template
    raise TemplateDoesNotExist(template_name, chain=chain)
django.template.exceptions.TemplateDoesNotExist: layuiAdmin/start/index.html
ERROR 2021-12-18 14:39:57,620 basehttp 179 "GET /layuiAdmin/ HTTP/1.1" 500 78720
ERROR 2021-12-18 14:40:01,130 log 225 Internal Server Error: /layuiAdmin/
Traceback (most recent call last):
  File "E:\Engineers\Microfilm\venv\lib\site-packages\django\core\handlers\exception.py", line 47, in inner
    response = get_response(request)
  File "E:\Engineers\Microfilm\venv\lib\site-packages\django\core\handlers\base.py", line 181, in _get_response
    response = wrapped_callback(request, *callback_args, **callback_kwargs)
  File "E:\Engineers\Microfilm\views\system_manage.py", line 15, in layuiAdmin
    return render(request,'layuiAdmin/start/index.html')
  File "E:\Engineers\Microfilm\venv\lib\site-packages\django\shortcuts.py", line 19, in render
    content = loader.render_to_string(template_name, context, request, using=using)
  File "E:\Engineers\Microfilm\venv\lib\site-packages\django\template\loader.py", line 61, in render_to_string
    template = get_template(template_name, using=using)
  File "E:\Engineers\Microfilm\venv\lib\site-packages\django\template\loader.py", line 19, in get_template
    raise TemplateDoesNotExist(template_name, chain=chain)
django.template.exceptions.TemplateDoesNotExist: layuiAdmin/start/index.html
ERROR 2021-12-18 14:40:01,131 basehttp 179 "GET /layuiAdmin/ HTTP/1.1" 500 78720
INFO 2021-12-18 14:40:03,536 basehttp 179 "GET / HTTP/1.1" 200 853
WARNING 2021-12-18 14:40:03,554 log 225 Not Found: /layui/css/layui.css
WARNING 2021-12-18 14:40:03,555 log 225 Not Found: /layui/layui.js
WARNING 2021-12-18 14:40:03,555 basehttp 179 "GET /layui/css/layui.css HTTP/1.1" 404 2455
WARNING 2021-12-18 14:40:03,556 basehttp 179 "GET /layui/layui.js HTTP/1.1" 404 2440
WARNING 2021-12-18 14:40:09,854 log 225 Not Found: /layui/css/layui.css
WARNING 2021-12-18 14:40:09,854 basehttp 179 "GET /layui/css/layui.css HTTP/1.1" 404 2455
INFO 2021-12-18 14:40:33,654 basehttp 179 "GET / HTTP/1.1" 200 853
WARNING 2021-12-18 14:40:33,670 log 225 Not Found: /layui/css/layui.css
WARNING 2021-12-18 14:40:33,671 log 225 Not Found: /layui/layui.js
WARNING 2021-12-18 14:40:33,671 basehttp 179 "GET /layui/css/layui.css HTTP/1.1" 404 2455
WARNING 2021-12-18 14:40:33,672 basehttp 179 "GET /layui/layui.js HTTP/1.1" 404 2440
WARNING 2021-12-18 14:40:33,679 log 225 Not Found: /layui/layui.js
WARNING 2021-12-18 14:40:33,679 basehttp 179 "GET /layui/layui.js HTTP/1.1" 404 2440
INFO 2021-12-18 14:40:34,550 basehttp 179 "GET / HTTP/1.1" 200 853
WARNING 2021-12-18 14:40:34,566 log 225 Not Found: /layui/layui.js
WARNING 2021-12-18 14:40:34,567 log 225 Not Found: /layui/css/layui.css
WARNING 2021-12-18 14:40:34,568 basehttp 179 "GET /layui/layui.js HTTP/1.1" 404 2440
WARNING 2021-12-18 14:40:34,569 basehttp 179 "GET /layui/css/layui.css HTTP/1.1" 404 2455
WARNING 2021-12-18 14:40:34,576 log 225 Not Found: /layui/layui.js
WARNING 2021-12-18 14:40:34,577 basehttp 179 "GET /layui/layui.js HTTP/1.1" 404 2440
INFO 2021-12-18 14:42:56,537 basehttp 179 "GET / HTTP/1.1" 200 878
WARNING 2021-12-18 14:42:56,552 log 225 Not Found: /layui/css/layui.css
WARNING 2021-12-18 14:42:56,553 basehttp 179 "GET /layui/css/layui.css HTTP/1.1" 404 2455
INFO 2021-12-18 14:42:56,610 basehttp 179 "GET /statics/layuiAdmin/start/layui/layui.js HTTP/1.1" 200 6667
INFO 2021-12-18 14:42:56,616 basehttp 179 "GET /statics/layuiAdmin/src/index.js?v=1.2.1 HTTP/1.1" 200 6035
INFO 2021-12-18 14:42:56,619 basehttp 179 "GET /statics/layuiAdmin/src/config.js?v=1.2.1 HTTP/1.1" 200 3964
INFO 2021-12-18 14:42:56,622 basehttp 179 "GET /statics/layuiAdmin/start/layui/lay/modules/laytpl.js?v=1.2.1 HTTP/1.1" 200 1836
INFO 2021-12-18 14:42:56,626 basehttp 179 "GET /statics/layuiAdmin/start/layui/lay/modules/layer.js?v=1.2.1 HTTP/1.1" 200 22041
INFO 2021-12-18 14:42:56,633 basehttp 179 "GET /statics/layuiAdmin/start/layui/css/modules/layer/default/layer.css?v=3.1.1 HTTP/1.1" 200 14425
INFO 2021-12-18 14:42:56,633 basehttp 179 "GET /statics/layuiAdmin/start/layui/lay/modules/jquery.js?v=1.2.1 HTTP/1.1" 200 97648
INFO 2021-12-18 14:42:56,647 basehttp 179 "GET /statics/layuiAdmin/start/layui/lay/modules/element.js?v=1.2.1 HTTP/1.1" 200 7264
INFO 2021-12-18 14:42:56,653 basehttp 179 "GET /statics/layuiAdmin/start/layui/lay/modules/util.js?v=1.2.1 HTTP/1.1" 200 3458
INFO 2021-12-18 14:42:56,661 basehttp 179 "GET /statics/layuiAdmin/src/lib/admin.js?v=1.2.1 HTTP/1.1" 200 25215
INFO 2021-12-18 14:42:56,666 basehttp 179 "GET /statics/layuiAdmin/src/lib/view.js?v=1.2.1 HTTP/1.1" 200 9260
INFO 2021-12-18 14:42:56,675 basehttp 179 "GET /statics/layuiAdmin/src/style/admin.css?v=1.2.1%20pro-1 HTTP/1.1" 200 25652
INFO 2021-12-18 14:42:56,779 basehttp 179 "GET /statics/layuiAdmin/src/views/layout.html?v=1.2.1 HTTP/1.1" 200 9122
WARNING 2021-12-18 14:42:56,797 log 225 Not Found: /json/menu.js
WARNING 2021-12-18 14:42:56,797 log 225 Not Found: /json/user/session.js
WARNING 2021-12-18 14:42:56,798 log 225 Not Found: /json/message/new.js
WARNING 2021-12-18 14:42:56,798 basehttp 179 "GET /json/menu.js?v=1.2.1%20pro&access_token= HTTP/1.1" 404 2466
WARNING 2021-12-18 14:42:56,799 basehttp 179 "GET /json/user/session.js?access_token= HTTP/1.1" 404 2472
INFO 2021-12-18 14:42:56,799 basehttp 179 "GET /statics/layuiAdmin/src/views/index.html?v=1.2.1 HTTP/1.1" 200 14173
WARNING 2021-12-18 14:42:56,799 basehttp 179 "GET /json/message/new.js?access_token= HTTP/1.1" 404 2469
INFO 2021-12-18 14:42:56,806 basehttp 179 "GET /statics/layuiAdmin/src/controller/console.js?v=1.2.1 HTTP/1.1" 200 6360
INFO 2021-12-18 14:42:56,807 basehttp 179 "GET /statics/layuiAdmin/src/controller/common.js?v=1.2.1 HTTP/1.1" 200 883
INFO 2021-12-18 14:42:56,831 basehttp 179 "GET /statics/layuiAdmin/start/layui/lay/modules/carousel.js?v=1.2.1 HTTP/1.1" 200 3839
INFO 2021-12-18 14:42:56,831 basehttp 179 "GET /statics/layuiAdmin/start/layui/lay/modules/table.js?v=1.2.1 HTTP/1.1" 200 30963
INFO 2021-12-18 14:42:56,839 basehttp 179 "GET /statics/layuiAdmin/start/layui/lay/modules/laypage.js?v=1.2.1 HTTP/1.1" 200 4472
INFO 2021-12-18 14:42:56,845 basehttp 179 "GET /statics/layuiAdmin/start/layui/lay/modules/form.js?v=1.2.1 HTTP/1.1" 200 9259
INFO 2021-12-18 14:42:56,847 basehttp 179 "GET /statics/layuiAdmin/src/lib/extend/echarts.js?v=1.2.1 HTTP/1.1" 200 972493
WARNING 2021-12-18 14:42:56,880 log 225 Not Found: /json/console/top-search.js
WARNING 2021-12-18 14:42:56,880 basehttp 179 "GET /json/console/top-search.js?page=1&limit=10 HTTP/1.1" 404 2496
WARNING 2021-12-18 14:42:56,889 log 225 Not Found: /json/console/top-card.js
WARNING 2021-12-18 14:42:56,890 basehttp 179 "GET /json/console/top-card.js?page=1&limit=10 HTTP/1.1" 404 2490
INFO 2021-12-18 14:42:56,920 basehttp 179 "GET /statics/layuiAdmin/src/lib/extend/echartsTheme.js?v=1.2.1 HTTP/1.1" 200 6309
INFO 2021-12-18 14:43:17,436 basehttp 179 "GET / HTTP/1.1" 200 878
WARNING 2021-12-18 14:43:17,450 log 225 Not Found: /layui/css/layui.css
WARNING 2021-12-18 14:43:17,451 basehttp 179 "GET /layui/css/layui.css HTTP/1.1" 404 2455
WARNING 2021-12-18 14:43:17,622 log 225 Not Found: /json/menu.js
WARNING 2021-12-18 14:43:17,623 log 225 Not Found: /json/user/session.js
WARNING 2021-12-18 14:43:17,624 log 225 Not Found: /json/message/new.js
WARNING 2021-12-18 14:43:17,624 basehttp 179 "GET /json/user/session.js?access_token= HTTP/1.1" 404 2472
WARNING 2021-12-18 14:43:17,624 basehttp 179 "GET /json/menu.js?v=1.2.1%20pro&access_token= HTTP/1.1" 404 2466
WARNING 2021-12-18 14:43:17,625 basehttp 179 "GET /json/message/new.js?access_token= HTTP/1.1" 404 2469
WARNING 2021-12-18 14:43:17,662 log 225 Not Found: /json/console/top-search.js
WARNING 2021-12-18 14:43:17,662 basehttp 179 "GET /json/console/top-search.js?page=1&limit=10 HTTP/1.1" 404 2496
WARNING 2021-12-18 14:43:17,668 log 225 Not Found: /json/console/top-card.js
WARNING 2021-12-18 14:43:17,668 basehttp 179 "GET /json/console/top-card.js?page=1&limit=10 HTTP/1.1" 404 2490
WARNING 2021-12-18 14:44:24,253 log 225 Not Found: /layui/css/layui.css
WARNING 2021-12-18 14:44:24,253 basehttp 179 "GET /layui/css/layui.css HTTP/1.1" 404 2455
INFO 2021-12-18 14:44:48,396 basehttp 179 "GET / HTTP/1.1" 200 903
INFO 2021-12-18 14:44:48,411 basehttp 179 "GET /statics/layuiAdmin/start/layui/css/layui.css HTTP/1.1" 200 69524
WARNING 2021-12-18 14:44:48,583 log 225 Not Found: /json/user/session.js
WARNING 2021-12-18 14:44:48,584 log 225 Not Found: /json/menu.js
WARNING 2021-12-18 14:44:48,585 log 225 Not Found: /json/message/new.js
WARNING 2021-12-18 14:44:48,586 basehttp 179 "GET /json/user/session.js?access_token= HTTP/1.1" 404 2472
WARNING 2021-12-18 14:44:48,586 basehttp 179 "GET /json/menu.js?v=1.2.1%20pro&access_token= HTTP/1.1" 404 2466
WARNING 2021-12-18 14:44:48,587 basehttp 179 "GET /json/message/new.js?access_token= HTTP/1.1" 404 2469
INFO 2021-12-18 14:44:48,587 basehttp 179 "GET /statics/layuiAdmin/start/layui/font/iconfont.woff?v=240 HTTP/1.1" 200 26744
WARNING 2021-12-18 14:44:48,711 log 225 Not Found: /json/console/top-search.js
WARNING 2021-12-18 14:44:48,711 basehttp 179 "GET /json/console/top-search.js?page=1&limit=10 HTTP/1.1" 404 2496
WARNING 2021-12-18 14:44:48,717 log 225 Not Found: /json/console/top-card.js
WARNING 2021-12-18 14:44:48,718 basehttp 179 "GET /json/console/top-card.js?page=1&limit=10 HTTP/1.1" 404 2490
INFO 2021-12-18 14:45:02,974 basehttp 179 "GET / HTTP/1.1" 200 903
WARNING 2021-12-18 14:45:03,156 log 225 Not Found: /json/menu.js
WARNING 2021-12-18 14:45:03,156 log 225 Not Found: /json/user/session.js
WARNING 2021-12-18 14:45:03,158 log 225 Not Found: /json/message/new.js
WARNING 2021-12-18 14:45:03,158 basehttp 179 "GET /json/menu.js?v=1.2.1%20pro&access_token= HTTP/1.1" 404 2466
WARNING 2021-12-18 14:45:03,159 basehttp 179 "GET /json/user/session.js?access_token= HTTP/1.1" 404 2472
WARNING 2021-12-18 14:45:03,159 basehttp 179 "GET /json/message/new.js?access_token= HTTP/1.1" 404 2469
WARNING 2021-12-18 14:45:03,206 log 225 Not Found: /json/console/top-search.js
WARNING 2021-12-18 14:45:03,207 basehttp 179 "GET /json/console/top-search.js?page=1&limit=10 HTTP/1.1" 404 2496
WARNING 2021-12-18 14:45:03,213 log 225 Not Found: /json/console/top-card.js
WARNING 2021-12-18 14:45:03,213 basehttp 179 "GET /json/console/top-card.js?page=1&limit=10 HTTP/1.1" 404 2490
WARNING 2021-12-18 14:45:31,947 log 225 Not Found: /json/console/top-search.js
WARNING 2021-12-18 14:45:31,950 basehttp 179 "GET /json/console/top-search.js?page=1&limit=10 HTTP/1.1" 404 2496
WARNING 2021-12-18 14:45:31,950 log 225 Not Found: /json/console/top-card.js
WARNING 2021-12-18 14:45:31,951 basehttp 179 "GET /json/console/top-card.js?page=1&limit=10 HTTP/1.1" 404 2490
INFO 2021-12-18 14:47:40,855 basehttp 179 "GET / HTTP/1.1" 200 903
WARNING 2021-12-18 14:47:41,035 log 225 Not Found: /json/menu.js
WARNING 2021-12-18 14:47:41,036 log 225 Not Found: /json/message/new.js
WARNING 2021-12-18 14:47:41,036 log 225 Not Found: /json/user/session.js
WARNING 2021-12-18 14:47:41,037 basehttp 179 "GET /json/menu.js?v=1.2.1%20pro&access_token= HTTP/1.1" 404 2466
WARNING 2021-12-18 14:47:41,037 basehttp 179 "GET /json/message/new.js?access_token= HTTP/1.1" 404 2469
WARNING 2021-12-18 14:47:41,037 basehttp 179 "GET /json/user/session.js?access_token= HTTP/1.1" 404 2472
WARNING 2021-12-18 14:47:41,125 log 225 Not Found: /json/console/top-search.js
WARNING 2021-12-18 14:47:41,128 basehttp 179 "GET /json/console/top-search.js?page=1&limit=10 HTTP/1.1" 404 2496
WARNING 2021-12-18 14:47:41,129 log 225 Not Found: /json/console/top-card.js
WARNING 2021-12-18 14:47:41,130 basehttp 179 "GET /json/console/top-card.js?page=1&limit=10 HTTP/1.1" 404 2490
WARNING 2021-12-18 14:50:11,575 log 225 Not Found: /json/menu.js
WARNING 2021-12-18 14:50:11,576 basehttp 179 "GET /json/menu.js?v=1.2.1%20pro&access_token= HTTP/1.1" 404 2466
INFO 2021-12-18 14:53:22,998 basehttp 179 "GET / HTTP/1.1" 200 903
WARNING 2021-12-18 14:53:23,077 log 225 Not Found: /json/menu.js
WARNING 2021-12-18 14:53:23,078 log 225 Not Found: /json/user/session.js
WARNING 2021-12-18 14:53:23,079 log 225 Not Found: /json/message/new.js
WARNING 2021-12-18 14:53:23,079 basehttp 179 "GET /json/menu.js?v=1.2.1%20pro&access_token= HTTP/1.1" 404 2466
WARNING 2021-12-18 14:53:23,080 basehttp 179 "GET /json/user/session.js?access_token= HTTP/1.1" 404 2472
WARNING 2021-12-18 14:53:23,080 basehttp 179 "GET /json/message/new.js?access_token= HTTP/1.1" 404 2469
WARNING 2021-12-18 14:53:23,137 log 225 Not Found: /json/console/top-search.js
WARNING 2021-12-18 14:53:23,138 basehttp 179 "GET /json/console/top-search.js?page=1&limit=10 HTTP/1.1" 404 2496
WARNING 2021-12-18 14:53:23,142 log 225 Not Found: /json/console/top-card.js
WARNING 2021-12-18 14:53:23,143 basehttp 179 "GET /json/console/top-card.js?page=1&limit=10 HTTP/1.1" 404 2490
INFO 2021-12-18 14:56:05,092 basehttp 179 "GET / HTTP/1.1" 200 903
WARNING 2021-12-18 14:56:05,286 log 225 Not Found: /json/menu.js
WARNING 2021-12-18 14:56:05,287 log 225 Not Found: /json/user/session.js
WARNING 2021-12-18 14:56:05,288 log 225 Not Found: /json/message/new.js
WARNING 2021-12-18 14:56:05,289 basehttp 179 "GET /json/menu.js?v=1.2.1%20pro&access_token= HTTP/1.1" 404 2466
WARNING 2021-12-18 14:56:05,290 basehttp 179 "GET /json/user/session.js?access_token= HTTP/1.1" 404 2472
WARNING 2021-12-18 14:56:05,290 basehttp 179 "GET /json/message/new.js?access_token= HTTP/1.1" 404 2469
WARNING 2021-12-18 14:56:05,401 log 225 Not Found: /json/console/top-search.js
WARNING 2021-12-18 14:56:05,405 basehttp 179 "GET /json/console/top-search.js?page=1&limit=10 HTTP/1.1" 404 2496
WARNING 2021-12-18 14:56:05,406 log 225 Not Found: /json/console/top-card.js
WARNING 2021-12-18 14:56:05,407 basehttp 179 "GET /json/console/top-card.js?page=1&limit=10 HTTP/1.1" 404 2490
INFO 2021-12-18 14:56:06,434 basehttp 179 "GET / HTTP/1.1" 200 903
WARNING 2021-12-18 14:56:06,493 log 225 Not Found: /json/user/session.js
WARNING 2021-12-18 14:56:06,494 log 225 Not Found: /json/menu.js
WARNING 2021-12-18 14:56:06,495 log 225 Not Found: /json/message/new.js
WARNING 2021-12-18 14:56:06,495 basehttp 179 "GET /json/user/session.js?access_token= HTTP/1.1" 404 2472
WARNING 2021-12-18 14:56:06,496 basehttp 179 "GET /json/menu.js?v=1.2.1%20pro&access_token= HTTP/1.1" 404 2466
WARNING 2021-12-18 14:56:06,496 basehttp 179 "GET /json/message/new.js?access_token= HTTP/1.1" 404 2469
WARNING 2021-12-18 14:56:06,534 log 225 Not Found: /json/console/top-search.js
WARNING 2021-12-18 14:56:06,535 basehttp 179 "GET /json/console/top-search.js?page=1&limit=10 HTTP/1.1" 404 2496
WARNING 2021-12-18 14:56:06,539 log 225 Not Found: /json/console/top-card.js
WARNING 2021-12-18 14:56:06,540 basehttp 179 "GET /json/console/top-card.js?page=1&limit=10 HTTP/1.1" 404 2490
INFO 2021-12-18 14:56:55,172 autoreload 257 E:\Engineers\Microfilm\views\system_manage.py changed, reloading.
INFO 2021-12-18 14:56:55,653 autoreload 643 Watching for file changes with StatReloader
INFO 2021-12-18 14:56:58,384 basehttp 179 "GET / HTTP/1.1" 200 14141
INFO 2021-12-18 14:58:51,796 autoreload 257 E:\Engineers\Microfilm\views\system_manage.py changed, reloading.
INFO 2021-12-18 14:58:52,189 autoreload 643 Watching for file changes with StatReloader
INFO 2021-12-18 14:58:56,343 basehttp 179 "GET / HTTP/1.1" 200 903
WARNING 2021-12-18 14:58:56,541 log 225 Not Found: /json/menu.js
WARNING 2021-12-18 14:58:56,542 log 225 Not Found: /json/message/new.js
WARNING 2021-12-18 14:58:56,542 log 225 Not Found: /json/user/session.js
WARNING 2021-12-18 14:58:56,543 basehttp 179 "GET /json/menu.js?v=1.2.1%20pro&access_token= HTTP/1.1" 404 2466
WARNING 2021-12-18 14:58:56,543 basehttp 179 "GET /json/message/new.js?access_token= HTTP/1.1" 404 2469
WARNING 2021-12-18 14:58:56,544 basehttp 179 "GET /json/user/session.js?access_token= HTTP/1.1" 404 2472
WARNING 2021-12-18 14:58:56,597 log 225 Not Found: /json/console/top-search.js
WARNING 2021-12-18 14:58:56,600 basehttp 179 "GET /json/console/top-search.js?page=1&limit=10 HTTP/1.1" 404 2496
WARNING 2021-12-18 14:58:56,602 log 225 Not Found: /json/console/top-card.js
WARNING 2021-12-18 14:58:56,603 basehttp 179 "GET /json/console/top-card.js?page=1&limit=10 HTTP/1.1" 404 2490
INFO 2021-12-18 15:02:12,333 basehttp 179 "GET / HTTP/1.1" 200 903
WARNING 2021-12-18 15:02:12,521 log 225 Not Found: /json/user/session.js
WARNING 2021-12-18 15:02:12,522 log 225 Not Found: /json/menu.js
WARNING 2021-12-18 15:02:12,523 log 225 Not Found: /json/message/new.js
WARNING 2021-12-18 15:02:12,523 basehttp 179 "GET /json/user/session.js?access_token= HTTP/1.1" 404 2472
WARNING 2021-12-18 15:02:12,523 basehttp 179 "GET /json/menu.js?v=1.2.1%20pro&access_token= HTTP/1.1" 404 2466
WARNING 2021-12-18 15:02:12,524 basehttp 179 "GET /json/message/new.js?access_token= HTTP/1.1" 404 2469
WARNING 2021-12-18 15:02:12,592 log 225 Not Found: /json/console/top-search.js
WARNING 2021-12-18 15:02:12,592 basehttp 179 "GET /json/console/top-search.js?page=1&limit=10 HTTP/1.1" 404 2496
WARNING 2021-12-18 15:02:12,597 log 225 Not Found: /json/console/top-card.js
WARNING 2021-12-18 15:02:12,598 basehttp 179 "GET /json/console/top-card.js?page=1&limit=10 HTTP/1.1" 404 2490
INFO 2021-12-18 15:03:03,723 basehttp 179 "GET / HTTP/1.1" 200 903
WARNING 2021-12-18 15:03:03,925 log 225 Not Found: /json/user/session.js
WARNING 2021-12-18 15:03:03,926 log 225 Not Found: /json/menu.js
WARNING 2021-12-18 15:03:03,927 log 225 Not Found: /json/message/new.js
WARNING 2021-12-18 15:03:03,927 basehttp 179 "GET /json/user/session.js?access_token= HTTP/1.1" 404 2472
WARNING 2021-12-18 15:03:03,927 basehttp 179 "GET /json/menu.js?v=1.2.1%20pro&access_token= HTTP/1.1" 404 2466
WARNING 2021-12-18 15:03:03,927 basehttp 179 "GET /json/message/new.js?access_token= HTTP/1.1" 404 2469
WARNING 2021-12-18 15:03:04,023 log 225 Not Found: /json/console/top-search.js
WARNING 2021-12-18 15:03:04,024 basehttp 179 "GET /json/console/top-search.js?page=1&limit=10 HTTP/1.1" 404 2496
WARNING 2021-12-18 15:03:04,033 log 225 Not Found: /json/console/top-card.js
WARNING 2021-12-18 15:03:04,034 basehttp 179 "GET /json/console/top-card.js?page=1&limit=10 HTTP/1.1" 404 2490
INFO 2021-12-18 15:03:11,925 basehttp 179 "GET / HTTP/1.1" 200 903
INFO 2021-12-18 15:03:12,043 basehttp 179 "GET / HTTP/1.1" 200 903
WARNING 2021-12-18 15:03:12,106 log 225 Not Found: /json/message/new.js
WARNING 2021-12-18 15:03:12,106 log 225 Not Found: /json/user/session.js
WARNING 2021-12-18 15:03:12,107 log 225 Not Found: /json/menu.js
WARNING 2021-12-18 15:03:12,108 basehttp 179 "GET /json/message/new.js?access_token= HTTP/1.1" 404 2469
WARNING 2021-12-18 15:03:12,109 basehttp 179 "GET /json/user/session.js?access_token= HTTP/1.1" 404 2472
WARNING 2021-12-18 15:03:12,109 basehttp 179 "GET /json/menu.js?v=1.2.1%20pro&access_token= HTTP/1.1" 404 2466
WARNING 2021-12-18 15:03:12,168 log 225 Not Found: /json/console/top-search.js
WARNING 2021-12-18 15:03:12,168 basehttp 179 "GET /json/console/top-search.js?page=1&limit=10 HTTP/1.1" 404 2496
WARNING 2021-12-18 15:03:12,172 log 225 Not Found: /json/console/top-card.js
WARNING 2021-12-18 15:03:12,173 basehttp 179 "GET /json/console/top-card.js?page=1&limit=10 HTTP/1.1" 404 2490
INFO 2021-12-18 15:03:41,712 basehttp 179 "GET / HTTP/1.1" 200 903
WARNING 2021-12-18 15:03:41,795 log 225 Not Found: /json/user/session.js
WARNING 2021-12-18 15:03:41,795 log 225 Not Found: /json/menu.js
WARNING 2021-12-18 15:03:41,796 log 225 Not Found: /json/message/new.js
WARNING 2021-12-18 15:03:41,797 basehttp 179 "GET /json/user/session.js?access_token= HTTP/1.1" 404 2472
WARNING 2021-12-18 15:03:41,797 basehttp 179 "GET /json/menu.js?v=1.2.1%20pro&access_token= HTTP/1.1" 404 2466
WARNING 2021-12-18 15:03:41,797 basehttp 179 "GET /json/message/new.js?access_token= HTTP/1.1" 404 2469
WARNING 2021-12-18 15:03:41,901 log 225 Not Found: /json/console/top-search.js
WARNING 2021-12-18 15:03:41,902 basehttp 179 "GET /json/console/top-search.js?page=1&limit=10 HTTP/1.1" 404 2496
WARNING 2021-12-18 15:03:41,907 log 225 Not Found: /json/console/top-card.js
WARNING 2021-12-18 15:03:41,908 basehttp 179 "GET /json/console/top-card.js?page=1&limit=10 HTTP/1.1" 404 2490
INFO 2021-12-18 15:03:45,146 basehttp 179 "GET / HTTP/1.1" 200 903
WARNING 2021-12-18 15:03:45,199 log 225 Not Found: /json/user/session.js
WARNING 2021-12-18 15:03:45,200 log 225 Not Found: /json/menu.js
WARNING 2021-12-18 15:03:45,200 log 225 Not Found: /json/message/new.js
WARNING 2021-12-18 15:03:45,201 basehttp 179 "GET /json/user/session.js?access_token= HTTP/1.1" 404 2472
WARNING 2021-12-18 15:03:45,201 basehttp 179 "GET /json/menu.js?v=1.2.1%20pro&access_token= HTTP/1.1" 404 2466
WARNING 2021-12-18 15:03:45,201 basehttp 179 "GET /json/message/new.js?access_token= HTTP/1.1" 404 2469
WARNING 2021-12-18 15:03:45,244 log 225 Not Found: /json/console/top-search.js
WARNING 2021-12-18 15:03:45,245 basehttp 179 "GET /json/console/top-search.js?page=1&limit=10 HTTP/1.1" 404 2496
WARNING 2021-12-18 15:03:45,251 log 225 Not Found: /json/console/top-card.js
WARNING 2021-12-18 15:03:45,251 basehttp 179 "GET /json/console/top-card.js?page=1&limit=10 HTTP/1.1" 404 2490
INFO 2021-12-18 15:03:46,058 basehttp 179 "GET / HTTP/1.1" 200 903
WARNING 2021-12-18 15:03:46,113 log 225 Not Found: /json/menu.js
WARNING 2021-12-18 15:03:46,114 log 225 Not Found: /json/message/new.js
WARNING 2021-12-18 15:03:46,115 log 225 Not Found: /json/user/session.js
WARNING 2021-12-18 15:03:46,115 basehttp 179 "GET /json/menu.js?v=1.2.1%20pro&access_token= HTTP/1.1" 404 2466
WARNING 2021-12-18 15:03:46,115 basehttp 179 "GET /json/message/new.js?access_token= HTTP/1.1" 404 2469
WARNING 2021-12-18 15:03:46,115 basehttp 179 "GET /json/user/session.js?access_token= HTTP/1.1" 404 2472
WARNING 2021-12-18 15:03:46,163 log 225 Not Found: /json/console/top-search.js
WARNING 2021-12-18 15:03:46,163 basehttp 179 "GET /json/console/top-search.js?page=1&limit=10 HTTP/1.1" 404 2496
WARNING 2021-12-18 15:03:46,169 log 225 Not Found: /json/console/top-card.js
WARNING 2021-12-18 15:03:46,170 basehttp 179 "GET /json/console/top-card.js?page=1&limit=10 HTTP/1.1" 404 2490
INFO 2021-12-18 15:03:49,305 basehttp 179 "GET / HTTP/1.1" 200 903
WARNING 2021-12-18 15:03:49,380 log 225 Not Found: /json/user/session.js
WARNING 2021-12-18 15:03:49,381 log 225 Not Found: /json/menu.js
WARNING 2021-12-18 15:03:49,381 log 225 Not Found: /json/message/new.js
WARNING 2021-12-18 15:03:49,382 basehttp 179 "GET /json/user/session.js?access_token= HTTP/1.1" 404 2472
WARNING 2021-12-18 15:03:49,382 basehttp 179 "GET /json/menu.js?v=1.2.1%20pro&access_token= HTTP/1.1" 404 2466
WARNING 2021-12-18 15:03:49,383 basehttp 179 "GET /json/message/new.js?access_token= HTTP/1.1" 404 2469
WARNING 2021-12-18 15:03:49,480 log 225 Not Found: /json/console/top-search.js
WARNING 2021-12-18 15:03:49,480 basehttp 179 "GET /json/console/top-search.js?page=1&limit=10 HTTP/1.1" 404 2496
WARNING 2021-12-18 15:03:49,485 log 225 Not Found: /json/console/top-card.js
WARNING 2021-12-18 15:03:49,486 basehttp 179 "GET /json/console/top-card.js?page=1&limit=10 HTTP/1.1" 404 2490
INFO 2021-12-18 15:03:50,513 basehttp 179 "GET / HTTP/1.1" 200 903
WARNING 2021-12-18 15:03:50,569 log 225 Not Found: /json/user/session.js
WARNING 2021-12-18 15:03:50,570 log 225 Not Found: /json/menu.js
WARNING 2021-12-18 15:03:50,570 log 225 Not Found: /json/message/new.js
WARNING 2021-12-18 15:03:50,571 basehttp 179 "GET /json/user/session.js?access_token= HTTP/1.1" 404 2472
WARNING 2021-12-18 15:03:50,572 basehttp 179 "GET /json/menu.js?v=1.2.1%20pro&access_token= HTTP/1.1" 404 2466
WARNING 2021-12-18 15:03:50,572 basehttp 179 "GET /json/message/new.js?access_token= HTTP/1.1" 404 2469
WARNING 2021-12-18 15:03:50,622 log 225 Not Found: /json/console/top-search.js
WARNING 2021-12-18 15:03:50,625 basehttp 179 "GET /json/console/top-search.js?page=1&limit=10 HTTP/1.1" 404 2496
WARNING 2021-12-18 15:03:50,626 log 225 Not Found: /json/console/top-card.js
WARNING 2021-12-18 15:03:50,627 basehttp 179 "GET /json/console/top-card.js?page=1&limit=10 HTTP/1.1" 404 2490
INFO 2021-12-18 15:03:51,461 basehttp 179 "GET / HTTP/1.1" 200 903
WARNING 2021-12-18 15:03:51,516 log 225 Not Found: /json/user/session.js
WARNING 2021-12-18 15:03:51,516 log 225 Not Found: /json/menu.js
WARNING 2021-12-18 15:03:51,517 log 225 Not Found: /json/message/new.js
WARNING 2021-12-18 15:03:51,517 basehttp 179 "GET /json/user/session.js?access_token= HTTP/1.1" 404 2472
WARNING 2021-12-18 15:03:51,518 basehttp 179 "GET /json/menu.js?v=1.2.1%20pro&access_token= HTTP/1.1" 404 2466
WARNING 2021-12-18 15:03:51,518 basehttp 179 "GET /json/message/new.js?access_token= HTTP/1.1" 404 2469
WARNING 2021-12-18 15:03:51,557 log 225 Not Found: /json/console/top-search.js
WARNING 2021-12-18 15:03:51,557 basehttp 179 "GET /json/console/top-search.js?page=1&limit=10 HTTP/1.1" 404 2496
WARNING 2021-12-18 15:03:51,562 log 225 Not Found: /json/console/top-card.js
WARNING 2021-12-18 15:03:51,562 basehttp 179 "GET /json/console/top-card.js?page=1&limit=10 HTTP/1.1" 404 2490
INFO 2021-12-18 15:03:51,565 basehttp 179 "GET / HTTP/1.1" 200 903
WARNING 2021-12-18 15:03:51,649 log 225 Not Found: /json/menu.js
WARNING 2021-12-18 15:03:51,649 log 225 Not Found: /json/message/new.js
WARNING 2021-12-18 15:03:51,650 log 225 Not Found: /json/user/session.js
WARNING 2021-12-18 15:03:51,650 basehttp 179 "GET /json/menu.js?v=1.2.1%20pro&access_token= HTTP/1.1" 404 2466
WARNING 2021-12-18 15:03:51,651 basehttp 179 "GET /json/message/new.js?access_token= HTTP/1.1" 404 2469
WARNING 2021-12-18 15:03:51,651 basehttp 179 "GET /json/user/session.js?access_token= HTTP/1.1" 404 2472
WARNING 2021-12-18 15:03:51,691 log 225 Not Found: /json/console/top-search.js
WARNING 2021-12-18 15:03:51,692 basehttp 179 "GET /json/console/top-search.js?page=1&limit=10 HTTP/1.1" 404 2496
WARNING 2021-12-18 15:03:51,695 log 225 Not Found: /json/console/top-card.js
WARNING 2021-12-18 15:03:51,696 basehttp 179 "GET /json/console/top-card.js?page=1&limit=10 HTTP/1.1" 404 2490
INFO 2021-12-18 15:04:00,065 basehttp 179 "GET / HTTP/1.1" 200 903
WARNING 2021-12-18 15:04:00,145 log 225 Not Found: /json/message/new.js
WARNING 2021-12-18 15:04:00,145 log 225 Not Found: /json/menu.js
WARNING 2021-12-18 15:04:00,146 log 225 Not Found: /json/user/session.js
WARNING 2021-12-18 15:04:00,147 basehttp 179 "GET /json/message/new.js?access_token= HTTP/1.1" 404 2469
WARNING 2021-12-18 15:04:00,147 basehttp 179 "GET /json/menu.js?v=1.2.1%20pro&access_token= HTTP/1.1" 404 2466
WARNING 2021-12-18 15:04:00,147 basehttp 179 "GET /json/user/session.js?access_token= HTTP/1.1" 404 2472
WARNING 2021-12-18 15:04:00,184 log 225 Not Found: /json/console/top-search.js
WARNING 2021-12-18 15:04:00,186 basehttp 179 "GET /json/console/top-search.js?page=1&limit=10 HTTP/1.1" 404 2496
WARNING 2021-12-18 15:04:00,190 log 225 Not Found: /json/console/top-card.js
WARNING 2021-12-18 15:04:00,190 basehttp 179 "GET /json/console/top-card.js?page=1&limit=10 HTTP/1.1" 404 2490
INFO 2021-12-18 15:05:51,296 basehttp 179 "GET / HTTP/1.1" 200 903
WARNING 2021-12-18 15:05:51,373 log 225 Not Found: /json/menu.js
WARNING 2021-12-18 15:05:51,373 log 225 Not Found: /json/user/session.js
WARNING 2021-12-18 15:05:51,374 log 225 Not Found: /json/message/new.js
WARNING 2021-12-18 15:05:51,375 basehttp 179 "GET /json/menu.js?v=1.2.1%20pro&access_token= HTTP/1.1" 404 2466
WARNING 2021-12-18 15:05:51,375 basehttp 179 "GET /json/user/session.js?access_token= HTTP/1.1" 404 2472
WARNING 2021-12-18 15:05:51,376 basehttp 179 "GET /json/message/new.js?access_token= HTTP/1.1" 404 2469
WARNING 2021-12-18 15:05:51,438 log 225 Not Found: /json/console/top-search.js
WARNING 2021-12-18 15:05:51,439 basehttp 179 "GET /json/console/top-search.js?page=1&limit=10 HTTP/1.1" 404 2496
WARNING 2021-12-18 15:05:51,444 log 225 Not Found: /json/console/top-card.js
WARNING 2021-12-18 15:05:51,445 basehttp 179 "GET /json/console/top-card.js?page=1&limit=10 HTTP/1.1" 404 2490
INFO 2021-12-18 15:05:53,081 basehttp 179 "GET / HTTP/1.1" 200 903
WARNING 2021-12-18 15:05:53,140 log 225 Not Found: /json/message/new.js
WARNING 2021-12-18 15:05:53,140 log 225 Not Found: /json/menu.js
WARNING 2021-12-18 15:05:53,141 log 225 Not Found: /json/user/session.js
WARNING 2021-12-18 15:05:53,142 basehttp 179 "GET /json/menu.js?v=1.2.1%20pro&access_token= HTTP/1.1" 404 2466
WARNING 2021-12-18 15:05:53,142 basehttp 179 "GET /json/message/new.js?access_token= HTTP/1.1" 404 2469
WARNING 2021-12-18 15:05:53,142 basehttp 179 "GET /json/user/session.js?access_token= HTTP/1.1" 404 2472
WARNING 2021-12-18 15:05:53,195 log 225 Not Found: /json/console/top-search.js
WARNING 2021-12-18 15:05:53,196 log 225 Not Found: /json/console/top-card.js
WARNING 2021-12-18 15:05:53,196 basehttp 179 "GET /json/console/top-search.js?page=1&limit=10 HTTP/1.1" 404 2496
WARNING 2021-12-18 15:05:53,197 basehttp 179 "GET /json/console/top-card.js?page=1&limit=10 HTTP/1.1" 404 2490
INFO 2021-12-18 15:05:54,389 basehttp 179 "GET / HTTP/1.1" 200 903
WARNING 2021-12-18 15:05:54,445 log 225 Not Found: /json/menu.js
WARNING 2021-12-18 15:05:54,446 log 225 Not Found: /json/message/new.js
WARNING 2021-12-18 15:05:54,446 log 225 Not Found: /json/user/session.js
WARNING 2021-12-18 15:05:54,447 basehttp 179 "GET /json/menu.js?v=1.2.1%20pro&access_token= HTTP/1.1" 404 2466
WARNING 2021-12-18 15:05:54,447 basehttp 179 "GET /json/message/new.js?access_token= HTTP/1.1" 404 2469
WARNING 2021-12-18 15:05:54,447 basehttp 179 "GET /json/user/session.js?access_token= HTTP/1.1" 404 2472
WARNING 2021-12-18 15:05:54,488 log 225 Not Found: /json/console/top-search.js
WARNING 2021-12-18 15:05:54,491 basehttp 179 "GET /json/console/top-search.js?page=1&limit=10 HTTP/1.1" 404 2496
WARNING 2021-12-18 15:05:54,493 log 225 Not Found: /json/console/top-card.js
WARNING 2021-12-18 15:05:54,493 basehttp 179 "GET /json/console/top-card.js?page=1&limit=10 HTTP/1.1" 404 2490
INFO 2021-12-18 15:05:56,097 basehttp 179 "GET / HTTP/1.1" 200 903
WARNING 2021-12-18 15:05:56,219 log 225 Not Found: /json/menu.js
WARNING 2021-12-18 15:05:56,219 log 225 Not Found: /json/user/session.js
WARNING 2021-12-18 15:05:56,220 log 225 Not Found: /json/message/new.js
WARNING 2021-12-18 15:05:56,221 basehttp 179 "GET /json/menu.js?v=1.2.1%20pro&access_token= HTTP/1.1" 404 2466
WARNING 2021-12-18 15:05:56,221 basehttp 179 "GET /json/user/session.js?access_token= HTTP/1.1" 404 2472
WARNING 2021-12-18 15:05:56,222 basehttp 179 "GET /json/message/new.js?access_token= HTTP/1.1" 404 2469
INFO 2021-12-18 15:05:56,241 basehttp 179 "GET / HTTP/1.1" 200 903
WARNING 2021-12-18 15:05:56,297 log 225 Not Found: /json/menu.js
WARNING 2021-12-18 15:05:56,298 log 225 Not Found: /json/user/session.js
WARNING 2021-12-18 15:05:56,298 log 225 Not Found: /json/message/new.js
WARNING 2021-12-18 15:05:56,299 basehttp 179 "GET /json/menu.js?v=1.2.1%20pro&access_token= HTTP/1.1" 404 2466
WARNING 2021-12-18 15:05:56,299 basehttp 179 "GET /json/user/session.js?access_token= HTTP/1.1" 404 2472
WARNING 2021-12-18 15:05:56,300 basehttp 179 "GET /json/message/new.js?access_token= HTTP/1.1" 404 2469
WARNING 2021-12-18 15:05:56,362 log 225 Not Found: /json/console/top-search.js
WARNING 2021-12-18 15:05:56,363 basehttp 179 "GET /json/console/top-search.js?page=1&limit=10 HTTP/1.1" 404 2496
WARNING 2021-12-18 15:05:56,366 log 225 Not Found: /json/console/top-card.js
WARNING 2021-12-18 15:05:56,367 basehttp 179 "GET /json/console/top-card.js?page=1&limit=10 HTTP/1.1" 404 2490
INFO 2021-12-18 15:05:57,703 basehttp 179 "GET / HTTP/1.1" 200 903
WARNING 2021-12-18 15:05:57,760 log 225 Not Found: /json/user/session.js
WARNING 2021-12-18 15:05:57,760 log 225 Not Found: /json/menu.js
WARNING 2021-12-18 15:05:57,761 log 225 Not Found: /json/message/new.js
WARNING 2021-12-18 15:05:57,761 basehttp 179 "GET /json/user/session.js?access_token= HTTP/1.1" 404 2472
WARNING 2021-12-18 15:05:57,761 basehttp 179 "GET /json/menu.js?v=1.2.1%20pro&access_token= HTTP/1.1" 404 2466
WARNING 2021-12-18 15:05:57,762 basehttp 179 "GET /json/message/new.js?access_token= HTTP/1.1" 404 2469
WARNING 2021-12-18 15:05:57,802 log 225 Not Found: /json/console/top-search.js
WARNING 2021-12-18 15:05:57,803 basehttp 179 "GET /json/console/top-search.js?page=1&limit=10 HTTP/1.1" 404 2496
WARNING 2021-12-18 15:05:57,807 log 225 Not Found: /json/console/top-card.js
WARNING 2021-12-18 15:05:57,808 basehttp 179 "GET /json/console/top-card.js?page=1&limit=10 HTTP/1.1" 404 2490
INFO 2021-12-18 15:06:00,776 basehttp 179 "GET / HTTP/1.1" 200 903
WARNING 2021-12-18 15:06:00,833 log 225 Not Found: /json/menu.js
WARNING 2021-12-18 15:06:00,833 log 225 Not Found: /json/user/session.js
WARNING 2021-12-18 15:06:00,834 log 225 Not Found: /json/message/new.js
WARNING 2021-12-18 15:06:00,835 basehttp 179 "GET /json/menu.js?v=1.2.1%20pro&access_token= HTTP/1.1" 404 2466
WARNING 2021-12-18 15:06:00,835 basehttp 179 "GET /json/user/session.js?access_token= HTTP/1.1" 404 2472
WARNING 2021-12-18 15:06:00,835 basehttp 179 "GET /json/message/new.js?access_token= HTTP/1.1" 404 2469
WARNING 2021-12-18 15:06:00,876 log 225 Not Found: /json/console/top-search.js
WARNING 2021-12-18 15:06:00,880 basehttp 179 "GET /json/console/top-search.js?page=1&limit=10 HTTP/1.1" 404 2496
WARNING 2021-12-18 15:06:00,881 log 225 Not Found: /json/console/top-card.js
WARNING 2021-12-18 15:06:00,881 basehttp 179 "GET /json/console/top-card.js?page=1&limit=10 HTTP/1.1" 404 2490
INFO 2021-12-18 15:10:28,537 autoreload 643 Watching for file changes with StatReloader
INFO 2021-12-18 15:10:31,149 basehttp 179 "GET / HTTP/1.1" 200 903
WARNING 2021-12-18 15:10:31,233 log 225 Not Found: /json/message/new.js
WARNING 2021-12-18 15:10:31,234 log 225 Not Found: /json/menu.js
WARNING 2021-12-18 15:10:31,235 log 225 Not Found: /json/user/session.js
WARNING 2021-12-18 15:10:31,236 basehttp 179 "GET /json/message/new.js?access_token= HTTP/1.1" 404 2469
WARNING 2021-12-18 15:10:31,237 basehttp 179 "GET /json/menu.js?v=1.2.1%20pro&access_token= HTTP/1.1" 404 2466
WARNING 2021-12-18 15:10:31,237 basehttp 179 "GET /json/user/session.js?access_token= HTTP/1.1" 404 2472
WARNING 2021-12-18 15:10:31,292 log 225 Not Found: /json/console/top-search.js
WARNING 2021-12-18 15:10:31,293 basehttp 179 "GET /json/console/top-search.js?page=1&limit=10 HTTP/1.1" 404 2496
WARNING 2021-12-18 15:10:31,297 log 225 Not Found: /json/console/top-card.js
WARNING 2021-12-18 15:10:31,297 basehttp 179 "GET /json/console/top-card.js?page=1&limit=10 HTTP/1.1" 404 2490
INFO 2021-12-18 15:11:16,665 basehttp 179 "GET / HTTP/1.1" 200 903
WARNING 2021-12-18 15:11:16,747 log 225 Not Found: /json/message/new.js
WARNING 2021-12-18 15:11:16,748 log 225 Not Found: /json/menu.js
WARNING 2021-12-18 15:11:16,748 log 225 Not Found: /json/user/session.js
WARNING 2021-12-18 15:11:16,749 basehttp 179 "GET /json/message/new.js?access_token= HTTP/1.1" 404 2469
WARNING 2021-12-18 15:11:16,750 basehttp 179 "GET /json/menu.js?v=1.2.1%20pro&access_token= HTTP/1.1" 404 2466
WARNING 2021-12-18 15:11:16,750 basehttp 179 "GET /json/user/session.js?access_token= HTTP/1.1" 404 2472
WARNING 2021-12-18 15:11:16,860 log 225 Not Found: /json/console/top-search.js
WARNING 2021-12-18 15:11:16,861 basehttp 179 "GET /json/console/top-search.js?page=1&limit=10 HTTP/1.1" 404 2496
WARNING 2021-12-18 15:11:16,866 log 225 Not Found: /json/console/top-card.js
WARNING 2021-12-18 15:11:16,867 basehttp 179 "GET /json/console/top-card.js?page=1&limit=10 HTTP/1.1" 404 2490
INFO 2021-12-18 15:13:11,693 basehttp 179 "GET / HTTP/1.1" 200 903
WARNING 2021-12-18 15:13:11,792 log 225 Not Found: /json/menu.js
WARNING 2021-12-18 15:13:11,794 log 225 Not Found: /json/user/session.js
WARNING 2021-12-18 15:13:11,795 log 225 Not Found: /json/message/new.js
WARNING 2021-12-18 15:13:11,796 basehttp 179 "GET /json/menu.js?v=1.2.1%20pro&access_token= HTTP/1.1" 404 2466
WARNING 2021-12-18 15:13:11,796 basehttp 179 "GET /json/user/session.js?access_token= HTTP/1.1" 404 2472
WARNING 2021-12-18 15:13:11,796 basehttp 179 "GET /json/message/new.js?access_token= HTTP/1.1" 404 2469
WARNING 2021-12-18 15:13:11,886 log 225 Not Found: /json/console/top-search.js
WARNING 2021-12-18 15:13:11,887 basehttp 179 "GET /json/console/top-search.js?page=1&limit=10 HTTP/1.1" 404 2496
WARNING 2021-12-18 15:13:11,892 log 225 Not Found: /json/console/top-card.js
WARNING 2021-12-18 15:13:11,893 basehttp 179 "GET /json/console/top-card.js?page=1&limit=10 HTTP/1.1" 404 2490
INFO 2021-12-18 15:13:28,610 autoreload 643 Watching for file changes with StatReloader
INFO 2021-12-18 15:13:31,058 basehttp 179 "GET / HTTP/1.1" 200 903
INFO 2021-12-18 15:13:31,125 basehttp 179 "GET / HTTP/1.1" 200 903
WARNING 2021-12-18 15:13:31,210 log 225 Not Found: /json/user/session.js
WARNING 2021-12-18 15:13:31,211 log 225 Not Found: /json/message/new.js
WARNING 2021-12-18 15:13:31,212 log 225 Not Found: /json/menu.js
WARNING 2021-12-18 15:13:31,212 basehttp 179 "GET /json/user/session.js?access_token= HTTP/1.1" 404 2472
WARNING 2021-12-18 15:13:31,213 basehttp 179 "GET /json/message/new.js?access_token= HTTP/1.1" 404 2469
WARNING 2021-12-18 15:13:31,213 basehttp 179 "GET /json/menu.js?v=1.2.1%20pro&access_token= HTTP/1.1" 404 2466
WARNING 2021-12-18 15:13:31,283 log 225 Not Found: /json/console/top-search.js
WARNING 2021-12-18 15:13:31,284 basehttp 179 "GET /json/console/top-search.js?page=1&limit=10 HTTP/1.1" 404 2496
WARNING 2021-12-18 15:13:31,290 log 225 Not Found: /json/console/top-card.js
WARNING 2021-12-18 15:13:31,291 basehttp 179 "GET /json/console/top-card.js?page=1&limit=10 HTTP/1.1" 404 2490
INFO 2021-12-18 15:49:33,256 basehttp 179 "GET / HTTP/1.1" 200 903
WARNING 2021-12-18 15:49:33,504 log 225 Not Found: /json/menu.js
WARNING 2021-12-18 15:49:33,505 log 225 Not Found: /json/user/session.js
WARNING 2021-12-18 15:49:33,505 log 225 Not Found: /json/message/new.js
WARNING 2021-12-18 15:49:33,506 basehttp 179 "GET /json/menu.js?v=1.2.1%20pro&access_token= HTTP/1.1" 404 2466
WARNING 2021-12-18 15:49:33,506 basehttp 179 "GET /json/user/session.js?access_token= HTTP/1.1" 404 2472
WARNING 2021-12-18 15:49:33,506 basehttp 179 "GET /json/message/new.js?access_token= HTTP/1.1" 404 2469
WARNING 2021-12-18 15:49:33,636 log 225 Not Found: /json/console/top-search.js
WARNING 2021-12-18 15:49:33,639 basehttp 179 "GET /json/console/top-search.js?page=1&limit=10 HTTP/1.1" 404 2496
WARNING 2021-12-18 15:49:33,641 log 225 Not Found: /json/console/top-card.js
WARNING 2021-12-18 15:49:33,641 basehttp 179 "GET /json/console/top-card.js?page=1&limit=10 HTTP/1.1" 404 2490
INFO 2021-12-18 15:51:13,144 basehttp 179 "GET / HTTP/1.1" 200 903
WARNING 2021-12-18 15:51:13,307 log 225 Not Found: /json/menu.js
WARNING 2021-12-18 15:51:13,308 log 225 Not Found: /json/message/new.js
WARNING 2021-12-18 15:51:13,308 log 225 Not Found: /json/user/session.js
WARNING 2021-12-18 15:51:13,308 basehttp 179 "GET /json/menu.js?v=1.2.1%20pro&access_token= HTTP/1.1" 404 2466
WARNING 2021-12-18 15:51:13,309 basehttp 179 "GET /json/message/new.js?access_token= HTTP/1.1" 404 2469
WARNING 2021-12-18 15:51:13,309 basehttp 179 "GET /json/user/session.js?access_token= HTTP/1.1" 404 2472
WARNING 2021-12-18 15:51:13,386 log 225 Not Found: /json/console/top-search.js
WARNING 2021-12-18 15:51:13,386 basehttp 179 "GET /json/console/top-search.js?page=1&limit=10 HTTP/1.1" 404 2496
WARNING 2021-12-18 15:51:13,391 log 225 Not Found: /json/console/top-card.js
WARNING 2021-12-18 15:51:13,392 basehttp 179 "GET /json/console/top-card.js?page=1&limit=10 HTTP/1.1" 404 2490
INFO 2021-12-18 16:22:19,511 basehttp 179 "GET / HTTP/1.1" 200 903
WARNING 2021-12-18 16:22:19,691 log 225 Not Found: /json/user/session.js
WARNING 2021-12-18 16:22:19,691 log 225 Not Found: /json/menu.js
WARNING 2021-12-18 16:22:19,692 log 225 Not Found: /json/message/new.js
WARNING 2021-12-18 16:22:19,692 basehttp 179 "GET /json/user/session.js?access_token= HTTP/1.1" 404 2472
WARNING 2021-12-18 16:22:19,693 basehttp 179 "GET /json/menu.js?v=1.2.1%20pro&access_token= HTTP/1.1" 404 2466
WARNING 2021-12-18 16:22:19,693 basehttp 179 "GET /json/message/new.js?access_token= HTTP/1.1" 404 2469
WARNING 2021-12-18 16:22:19,770 log 225 Not Found: /json/console/top-search.js
WARNING 2021-12-18 16:22:19,770 basehttp 179 "GET /json/console/top-search.js?page=1&limit=10 HTTP/1.1" 404 2496
WARNING 2021-12-18 16:22:19,774 log 225 Not Found: /json/console/top-card.js
WARNING 2021-12-18 16:22:19,775 basehttp 179 "GET /json/console/top-card.js?page=1&limit=10 HTTP/1.1" 404 2490
INFO 2021-12-18 16:22:20,409 basehttp 179 "GET / HTTP/1.1" 200 903
WARNING 2021-12-18 16:22:20,564 log 225 Not Found: /json/menu.js
WARNING 2021-12-18 16:22:20,564 log 225 Not Found: /json/message/new.js
WARNING 2021-12-18 16:22:20,565 log 225 Not Found: /json/user/session.js
WARNING 2021-12-18 16:22:20,566 basehttp 179 "GET /json/menu.js?v=1.2.1%20pro&access_token= HTTP/1.1" 404 2466
WARNING 2021-12-18 16:22:20,566 basehttp 179 "GET /json/message/new.js?access_token= HTTP/1.1" 404 2469
WARNING 2021-12-18 16:22:20,567 basehttp 179 "GET /json/user/session.js?access_token= HTTP/1.1" 404 2472
WARNING 2021-12-18 16:22:20,601 log 225 Not Found: /json/console/top-search.js
WARNING 2021-12-18 16:22:20,605 basehttp 179 "GET /json/console/top-search.js?page=1&limit=10 HTTP/1.1" 404 2496
WARNING 2021-12-18 16:22:20,606 log 225 Not Found: /json/console/top-card.js
WARNING 2021-12-18 16:22:20,606 basehttp 179 "GET /json/console/top-card.js?page=1&limit=10 HTTP/1.1" 404 2490
INFO 2021-12-18 16:23:34,132 basehttp 179 "GET / HTTP/1.1" 200 903
WARNING 2021-12-18 16:23:34,302 log 225 Not Found: /json/menu.js
WARNING 2021-12-18 16:23:34,302 log 225 Not Found: /json/user/session.js
WARNING 2021-12-18 16:23:34,303 log 225 Not Found: /json/message/new.js
WARNING 2021-12-18 16:23:34,304 basehttp 179 "GET /json/menu.js?v=1.2.1%20pro&access_token= HTTP/1.1" 404 2466
WARNING 2021-12-18 16:23:34,304 basehttp 179 "GET /json/user/session.js?access_token= HTTP/1.1" 404 2472
WARNING 2021-12-18 16:23:34,304 basehttp 179 "GET /json/message/new.js?access_token= HTTP/1.1" 404 2469
WARNING 2021-12-18 16:23:34,391 log 225 Not Found: /json/console/top-search.js
WARNING 2021-12-18 16:23:34,394 basehttp 179 "GET /json/console/top-search.js?page=1&limit=10 HTTP/1.1" 404 2496
WARNING 2021-12-18 16:23:34,396 log 225 Not Found: /json/console/top-card.js
WARNING 2021-12-18 16:23:34,396 basehttp 179 "GET /json/console/top-card.js?page=1&limit=10 HTTP/1.1" 404 2490
INFO 2021-12-18 17:16:33,708 basehttp 179 "GET / HTTP/1.1" 200 903
WARNING 2021-12-18 17:16:33,882 log 225 Not Found: /json/user/session.js
WARNING 2021-12-18 17:16:33,883 log 225 Not Found: /json/menu.js
WARNING 2021-12-18 17:16:33,884 log 225 Not Found: /json/message/new.js
WARNING 2021-12-18 17:16:33,884 basehttp 179 "GET /json/user/session.js?access_token= HTTP/1.1" 404 2472
WARNING 2021-12-18 17:16:33,885 basehttp 179 "GET /json/menu.js?v=1.2.1%20pro&access_token= HTTP/1.1" 404 2466
WARNING 2021-12-18 17:16:33,885 basehttp 179 "GET /json/message/new.js?access_token= HTTP/1.1" 404 2469
WARNING 2021-12-18 17:16:33,954 log 225 Not Found: /json/console/top-search.js
WARNING 2021-12-18 17:16:33,955 basehttp 179 "GET /json/console/top-search.js?page=1&limit=10 HTTP/1.1" 404 2496
WARNING 2021-12-18 17:16:33,959 log 225 Not Found: /json/console/top-card.js
WARNING 2021-12-18 17:16:33,959 basehttp 179 "GET /json/console/top-card.js?page=1&limit=10 HTTP/1.1" 404 2490
INFO 2021-12-18 17:43:28,306 autoreload 643 Watching for file changes with StatReloader
INFO 2021-12-18 17:43:35,991 basehttp 179 "GET /admin/ HTTP/1.1" 302 0
INFO 2021-12-18 17:43:36,025 basehttp 179 "GET /admin/login/?next=/admin/ HTTP/1.1" 200 2220
INFO 2021-12-18 17:43:36,050 basehttp 179 "GET /statics/admin/css/nav_sidebar.css HTTP/1.1" 304 0
INFO 2021-12-18 17:43:36,050 basehttp 179 "GET /statics/admin/css/base.css HTTP/1.1" 304 0
INFO 2021-12-18 17:43:36,051 basehttp 179 "GET /statics/admin/css/responsive.css HTTP/1.1" 304 0
INFO 2021-12-18 17:43:36,051 basehttp 179 "GET /statics/admin/css/login.css HTTP/1.1" 304 0
INFO 2021-12-18 17:43:36,054 basehttp 179 "GET /statics/admin/js/nav_sidebar.js HTTP/1.1" 304 0
INFO 2021-12-18 17:43:36,057 basehttp 179 "GET /statics/admin/css/fonts.css HTTP/1.1" 304 0
INFO 2021-12-18 17:43:36,087 basehttp 179 "GET /statics/admin/fonts/Roboto-Regular-webfont.woff HTTP/1.1" 304 0
INFO 2021-12-18 17:43:36,087 basehttp 179 "GET /statics/admin/fonts/Roboto-Light-webfont.woff HTTP/1.1" 304 0
INFO 2021-12-18 17:43:40,336 basehttp 179 "GET / HTTP/1.1" 200 903
WARNING 2021-12-18 17:43:40,523 log 225 Not Found: /json/user/session.js
WARNING 2021-12-18 17:43:40,523 log 225 Not Found: /json/menu.js
WARNING 2021-12-18 17:43:40,524 log 225 Not Found: /json/message/new.js
WARNING 2021-12-18 17:43:40,525 basehttp 179 "GET /json/user/session.js?access_token= HTTP/1.1" 404 2472
WARNING 2021-12-18 17:43:40,525 basehttp 179 "GET /json/menu.js?v=1.2.1%20pro&access_token= HTTP/1.1" 404 2466
WARNING 2021-12-18 17:43:40,525 basehttp 179 "GET /json/message/new.js?access_token= HTTP/1.1" 404 2469
WARNING 2021-12-18 17:43:40,652 log 225 Not Found: /json/console/top-search.js
WARNING 2021-12-18 17:43:40,653 basehttp 179 "GET /json/console/top-search.js?page=1&limit=10 HTTP/1.1" 404 2496
WARNING 2021-12-18 17:43:40,659 log 225 Not Found: /json/console/top-card.js
WARNING 2021-12-18 17:43:40,659 basehttp 179 "GET /json/console/top-card.js?page=1&limit=10 HTTP/1.1" 404 2490
INFO 2021-12-18 17:46:57,077 autoreload 643 Watching for file changes with StatReloader
ERROR 2021-12-18 17:46:59,497 log 225 Internal Server Error: /
Traceback (most recent call last):
  File "E:\Engineers\Microfilm\venv\lib\site-packages\django\core\handlers\exception.py", line 47, in inner
    response = get_response(request)
  File "E:\Engineers\Microfilm\venv\lib\site-packages\django\core\handlers\base.py", line 181, in _get_response
    response = wrapped_callback(request, *callback_args, **callback_kwargs)
  File "E:\Engineers\Microfilm\views\system_manage.py", line 19, in index
    return render(request,'view/index.html')
  File "E:\Engineers\Microfilm\venv\lib\site-packages\django\shortcuts.py", line 19, in render
    content = loader.render_to_string(template_name, context, request, using=using)
  File "E:\Engineers\Microfilm\venv\lib\site-packages\django\template\loader.py", line 61, in render_to_string
    template = get_template(template_name, using=using)
  File "E:\Engineers\Microfilm\venv\lib\site-packages\django\template\loader.py", line 19, in get_template
    raise TemplateDoesNotExist(template_name, chain=chain)
django.template.exceptions.TemplateDoesNotExist: view/index.html
ERROR 2021-12-18 17:46:59,499 basehttp 179 "GET / HTTP/1.1" 500 77581
INFO 2021-12-18 17:47:13,104 autoreload 257 E:\Engineers\Microfilm\views\system_manage.py changed, reloading.
INFO 2021-12-18 17:47:13,493 autoreload 643 Watching for file changes with StatReloader
INFO 2021-12-18 17:47:13,727 basehttp 179 "GET / HTTP/1.1" 200 23981
WARNING 2021-12-18 17:47:13,753 log 225 Not Found: /layuiadmin/layui/css/layui.css
WARNING 2021-12-18 17:47:13,753 log 225 Not Found: /layuiadmin/style/admin.css
WARNING 2021-12-18 17:47:13,754 log 225 Not Found: /layuiadmin/layui/layui.js
WARNING 2021-12-18 17:47:13,754 basehttp 179 "GET /layuiadmin/layui/css/layui.css HTTP/1.1" 404 2488
WARNING 2021-12-18 17:47:13,755 basehttp 179 "GET /layuiadmin/style/admin.css HTTP/1.1" 404 2476
WARNING 2021-12-18 17:47:13,755 basehttp 179 "GET /layuiadmin/layui/layui.js HTTP/1.1" 404 2473
WARNING 2021-12-18 17:47:13,764 log 225 Not Found: /home/console.html
WARNING 2021-12-18 17:47:13,765 basehttp 179 "GET /home/console.html HTTP/1.1" 404 2449
WARNING 2021-12-18 17:47:13,789 log 225 Not Found: /layuiadmin/layui/layui.js
WARNING 2021-12-18 17:47:13,790 basehttp 179 "GET /layuiadmin/layui/layui.js HTTP/1.1" 404 2473
INFO 2021-12-18 17:48:31,279 basehttp 179 "GET / HTTP/1.1" 200 23991
WARNING 2021-12-18 17:48:31,301 log 225 Not Found: /layuiadmin/layui/layui.js
WARNING 2021-12-18 17:48:31,302 log 225 Not Found: /layuiadmin/style/admin.css
WARNING 2021-12-18 17:48:31,302 log 225 Not Found: /layuiadmin/layui/css/layui.css
WARNING 2021-12-18 17:48:31,303 basehttp 179 "GET /layuiadmin/layui/layui.js HTTP/1.1" 404 2473
WARNING 2021-12-18 17:48:31,303 basehttp 179 "GET /layuiadmin/style/admin.css HTTP/1.1" 404 2476
WARNING 2021-12-18 17:48:31,304 basehttp 179 "GET /layuiadmin/layui/css/layui.css HTTP/1.1" 404 2488
WARNING 2021-12-18 17:48:31,312 log 225 Not Found: /home/console.html
WARNING 2021-12-18 17:48:31,314 basehttp 179 "GET /home/console.html HTTP/1.1" 404 2449
WARNING 2021-12-18 17:48:31,316 log 225 Not Found: /layuiadmin/layui/layui.js
WARNING 2021-12-18 17:48:31,316 basehttp 179 "GET /layuiadmin/layui/layui.js HTTP/1.1" 404 2473
INFO 2021-12-18 17:48:32,021 basehttp 179 "GET / HTTP/1.1" 200 23991
WARNING 2021-12-18 17:48:32,041 log 225 Not Found: /layuiadmin/layui/css/layui.css
WARNING 2021-12-18 17:48:32,041 log 225 Not Found: /layuiadmin/layui/layui.js
WARNING 2021-12-18 17:48:32,042 log 225 Not Found: /layuiadmin/style/admin.css
WARNING 2021-12-18 17:48:32,042 basehttp 179 "GET /layuiadmin/layui/css/layui.css HTTP/1.1" 404 2488
WARNING 2021-12-18 17:48:32,043 basehttp 179 "GET /layuiadmin/layui/layui.js HTTP/1.1" 404 2473
WARNING 2021-12-18 17:48:32,043 basehttp 179 "GET /layuiadmin/style/admin.css HTTP/1.1" 404 2476
WARNING 2021-12-18 17:48:32,051 log 225 Not Found: /home/console.html
WARNING 2021-12-18 17:48:32,054 basehttp 179 "GET /home/console.html HTTP/1.1" 404 2449
WARNING 2021-12-18 17:48:32,055 log 225 Not Found: /layuiadmin/layui/layui.js
WARNING 2021-12-18 17:48:32,055 basehttp 179 "GET /layuiadmin/layui/layui.js HTTP/1.1" 404 2473
WARNING 2021-12-18 17:48:35,115 log 225 Not Found: /layuiadmin/layui/css/layui.css
WARNING 2021-12-18 17:48:35,116 log 225 Not Found: /layuiadmin/style/admin.css
WARNING 2021-12-18 17:48:35,116 basehttp 179 "GET /layuiadmin/style/admin.css HTTP/1.1" 404 2476
WARNING 2021-12-18 17:48:35,117 basehttp 179 "GET /layuiadmin/layui/css/layui.css HTTP/1.1" 404 2488
INFO 2021-12-18 17:48:54,856 basehttp 179 "GET / HTTP/1.1" 200 24001
WARNING 2021-12-18 17:48:54,878 log 225 Not Found: /static/layuiadmin/layui/layui.js
WARNING 2021-12-18 17:48:54,879 log 225 Not Found: /layuiadmin/style/admin.css
WARNING 2021-12-18 17:48:54,879 log 225 Not Found: /layuiadmin/layui/css/layui.css
WARNING 2021-12-18 17:48:54,880 basehttp 179 "GET /static/layuiadmin/layui/layui.js HTTP/1.1" 404 2494
WARNING 2021-12-18 17:48:54,880 basehttp 179 "GET /layuiadmin/style/admin.css HTTP/1.1" 404 2476
WARNING 2021-12-18 17:48:54,880 basehttp 179 "GET /layuiadmin/layui/css/layui.css HTTP/1.1" 404 2488
WARNING 2021-12-18 17:48:54,893 log 225 Not Found: /home/console.html
WARNING 2021-12-18 17:48:54,894 basehttp 179 "GET /home/console.html HTTP/1.1" 404 2449
WARNING 2021-12-18 17:48:54,900 log 225 Not Found: /static/layuiadmin/layui/layui.js
WARNING 2021-12-18 17:48:54,900 basehttp 179 "GET /static/layuiadmin/layui/layui.js HTTP/1.1" 404 2494
INFO 2021-12-18 18:59:42,483 basehttp 179 "GET / HTTP/1.1" 200 24014
WARNING 2021-12-18 18:59:42,507 log 225 Not Found: /static/layuiadmin/layui/layui.js
WARNING 2021-12-18 18:59:42,508 basehttp 179 "GET /static/layuiadmin/layui/layui.js HTTP/1.1" 404 2494
INFO 2021-12-18 18:59:42,591 basehttp 179 "GET /statics/layuiadmin/layui/css/layui.css HTTP/1.1" 200 69524
INFO 2021-12-18 18:59:42,592 basehttp 179 "GET /statics/layuiadmin/style/admin.css HTTP/1.1" 200 25634
WARNING 2021-12-18 18:59:42,602 log 225 Not Found: /home/console.html
WARNING 2021-12-18 18:59:42,603 basehttp 179 "GET /home/console.html HTTP/1.1" 404 2449
WARNING 2021-12-18 18:59:42,615 log 225 Not Found: /static/layuiadmin/layui/layui.js
INFO 2021-12-18 18:59:42,615 basehttp 179 "GET /statics/layuiadmin/layui/font/iconfont.woff?v=240 HTTP/1.1" 200 26744
WARNING 2021-12-18 18:59:42,617 basehttp 179 "GET /static/layuiadmin/layui/layui.js HTTP/1.1" 404 2494
INFO 2021-12-18 19:00:04,146 basehttp 179 "GET / HTTP/1.1" 200 24011
WARNING 2021-12-18 19:00:04,165 log 225 Not Found: /static/layuiadmin/layui/layui.js
WARNING 2021-12-18 19:00:04,165 basehttp 179 "GET /static/layuiadmin/layui/layui.js HTTP/1.1" 404 2494
WARNING 2021-12-18 19:00:04,201 log 225 Not Found: /home/console.html
WARNING 2021-12-18 19:00:04,202 basehttp 179 "GET /home/console.html HTTP/1.1" 404 2449
WARNING 2021-12-18 19:00:04,209 log 225 Not Found: /static/layuiadmin/layui/layui.js
WARNING 2021-12-18 19:00:04,210 basehttp 179 "GET /static/layuiadmin/layui/layui.js HTTP/1.1" 404 2494
INFO 2021-12-18 19:01:14,077 basehttp 179 "GET / HTTP/1.1" 200 24011
WARNING 2021-12-18 19:01:14,097 log 225 Not Found: /static/layuiadmin/layui/layui.js
WARNING 2021-12-18 19:01:14,098 basehttp 179 "GET /static/layuiadmin/layui/layui.js HTTP/1.1" 404 2494
WARNING 2021-12-18 19:01:14,110 log 225 Not Found: /home/console.html
WARNING 2021-12-18 19:01:14,111 basehttp 179 "GET /home/console.html HTTP/1.1" 404 2449
WARNING 2021-12-18 19:01:14,121 log 225 Not Found: /static/layuiadmin/layui/layui.js
WARNING 2021-12-18 19:01:14,121 basehttp 179 "GET /static/layuiadmin/layui/layui.js HTTP/1.1" 404 2494
INFO 2021-12-18 19:01:49,800 basehttp 179 "GET / HTTP/1.1" 200 24013
INFO 2021-12-18 19:01:49,814 basehttp 179 "GET /statics/layuiadmin/layui/layui.js HTTP/1.1" 200 6667
WARNING 2021-12-18 19:01:49,827 log 225 Not Found: /home/console.html
WARNING 2021-12-18 19:01:49,828 basehttp 179 "GET /home/console.html HTTP/1.1" 404 2449
INFO 2021-12-18 19:01:49,837 basehttp 179 "GET /statics/layuiadmin/lib/index.js HTTP/1.1" 200 2339
INFO 2021-12-18 19:01:49,856 basehttp 179 "GET /statics/layuiadmin/config.js HTTP/1.1" 200 3676
INFO 2021-12-18 19:01:49,865 basehttp 179 "GET /statics/layuiadmin/layui/lay/modules/laytpl.js HTTP/1.1" 200 1836
INFO 2021-12-18 19:01:49,870 basehttp 179 "GET /statics/layuiadmin/layui/lay/modules/layer.js HTTP/1.1" 200 22041
INFO 2021-12-18 19:01:49,875 basehttp 179 "GET /statics/layuiadmin/layui/css/modules/layer/default/layer.css?v=3.1.1 HTTP/1.1" 200 14425
INFO 2021-12-18 19:01:49,876 basehttp 179 "GET /statics/layuiadmin/layui/lay/modules/jquery.js HTTP/1.1" 200 97648
INFO 2021-12-18 19:01:49,890 basehttp 179 "GET /statics/layuiadmin/layui/lay/modules/element.js HTTP/1.1" 200 7264
INFO 2021-12-18 19:01:49,906 basehttp 179 "GET /statics/layuiadmin/layui/lay/modules/util.js HTTP/1.1" 200 3458
INFO 2021-12-18 19:01:49,910 basehttp 179 "GET /statics/layuiadmin/lib/admin.js HTTP/1.1" 200 24927
INFO 2021-12-18 19:01:49,915 basehttp 179 "GET /statics/layuiadmin/lib/view.js HTTP/1.1" 200 9594
INFO 2021-12-18 19:01:49,923 basehttp 179 "GET /statics/layuiadmin/modules/common.js HTTP/1.1" 200 967
INFO 2021-12-18 19:01:52,051 basehttp 179 "GET / HTTP/1.1" 200 24013
WARNING 2021-12-18 19:01:52,074 log 225 Not Found: /home/console.html
WARNING 2021-12-18 19:01:52,074 basehttp 179 "GET /home/console.html HTTP/1.1" 404 2449
WARNING 2021-12-18 19:02:03,712 log 225 Not Found: /home/homepage1.html
WARNING 2021-12-18 19:02:03,713 basehttp 179 "GET /home/homepage1.html HTTP/1.1" 404 2455
WARNING 2021-12-18 19:02:04,290 log 225 Not Found: /home/homepage2.html
WARNING 2021-12-18 19:02:04,290 basehttp 179 "GET /home/homepage2.html HTTP/1.1" 404 2455
INFO 2021-12-18 19:26:56,569 basehttp 179 "GET /statics/layuiadmin/style/res/logo.png HTTP/1.1" 200 457
WARNING 2021-12-18 19:27:06,980 log 225 Not Found: /template/caller.html
WARNING 2021-12-18 19:27:06,980 basehttp 179 "GET /template/caller.html HTTP/1.1" 404 2458
INFO 2021-12-20 20:57:30,290 autoreload 643 Watching for file changes with StatReloader
ERROR 2021-12-20 20:57:32,318 log 225 Internal Server Error: /
Traceback (most recent call last):
  File "E:\Engineers\Microfilm\venv\lib\site-packages\django\core\handlers\exception.py", line 47, in inner
    response = get_response(request)
  File "E:\Engineers\Microfilm\venv\lib\site-packages\django\core\handlers\base.py", line 181, in _get_response
    response = wrapped_callback(request, *callback_args, **callback_kwargs)
  File "E:\Engineers\Microfilm\views\system_manage.py", line 19, in index
    return render(request,'views/index.html')
  File "E:\Engineers\Microfilm\venv\lib\site-packages\django\shortcuts.py", line 19, in render
    content = loader.render_to_string(template_name, context, request, using=using)
  File "E:\Engineers\Microfilm\venv\lib\site-packages\django\template\loader.py", line 61, in render_to_string
    template = get_template(template_name, using=using)
  File "E:\Engineers\Microfilm\venv\lib\site-packages\django\template\loader.py", line 19, in get_template
    raise TemplateDoesNotExist(template_name, chain=chain)
django.template.exceptions.TemplateDoesNotExist: views/index.html
ERROR 2021-12-20 20:57:32,319 basehttp 179 "GET / HTTP/1.1" 500 77828
WARNING 2021-12-20 20:57:32,474 log 225 Not Found: /favicon.ico
WARNING 2021-12-20 20:57:32,475 basehttp 179 "GET /favicon.ico HTTP/1.1" 404 2431
INFO 2021-12-20 20:57:52,130 autoreload 257 E:\Engineers\Microfilm\views\system_manage.py changed, reloading.
INFO 2021-12-20 20:57:52,505 autoreload 643 Watching for file changes with StatReloader
INFO 2021-12-20 20:57:58,724 autoreload 257 E:\Engineers\Microfilm\views\system_manage.py changed, reloading.
INFO 2021-12-20 20:57:59,036 autoreload 643 Watching for file changes with StatReloader
INFO 2021-12-20 20:58:18,490 autoreload 257 E:\Engineers\Microfilm\Microfilm\urls.py changed, reloading.
INFO 2021-12-20 20:58:18,849 autoreload 643 Watching for file changes with StatReloader
INFO 2021-12-20 20:58:21,848 basehttp 179 "GET / HTTP/1.1" 200 24013
WARNING 2021-12-20 20:58:21,874 log 225 Not Found: /home/console.html
WARNING 2021-12-20 20:58:21,874 basehttp 179 "GET /home/console.html HTTP/1.1" 404 2231
INFO 2021-12-20 21:02:12,896 basehttp 179 "GET / HTTP/1.1" 200 24013
WARNING 2021-12-20 21:02:12,956 log 225 Not Found: /home/console.html
WARNING 2021-12-20 21:02:12,957 basehttp 179 "GET /home/console.html HTTP/1.1" 404 2231
INFO 2021-12-20 21:02:58,455 autoreload 257 E:\Engineers\Microfilm\views\system_manage.py changed, reloading.
INFO 2021-12-20 21:02:58,768 autoreload 643 Watching for file changes with StatReloader
INFO 2021-12-20 21:03:19,424 autoreload 257 E:\Engineers\Microfilm\Microfilm\urls.py changed, reloading.
INFO 2021-12-20 21:03:19,736 autoreload 643 Watching for file changes with StatReloader
ERROR 2021-12-20 21:05:01,587 log 225 Internal Server Error: /
Traceback (most recent call last):
  File "E:\Engineers\Microfilm\venv\lib\site-packages\django\core\handlers\exception.py", line 47, in inner
    response = get_response(request)
  File "E:\Engineers\Microfilm\venv\lib\site-packages\django\core\handlers\base.py", line 181, in _get_response
    response = wrapped_callback(request, *callback_args, **callback_kwargs)
  File "E:\Engineers\Microfilm\views\system_manage.py", line 10, in index
    return render(request, 'index.html')
  File "E:\Engineers\Microfilm\venv\lib\site-packages\django\shortcuts.py", line 19, in render
    content = loader.render_to_string(template_name, context, request, using=using)
  File "E:\Engineers\Microfilm\venv\lib\site-packages\django\template\loader.py", line 62, in render_to_string
    return template.render(context, request)
  File "E:\Engineers\Microfilm\venv\lib\site-packages\django\template\backends\django.py", line 61, in render
    return self.template.render(context)
  File "E:\Engineers\Microfilm\venv\lib\site-packages\django\template\base.py", line 176, in render
    return self._render(context)
  File "E:\Engineers\Microfilm\venv\lib\site-packages\django\template\base.py", line 168, in _render
    return self.nodelist.render(context)
  File "E:\Engineers\Microfilm\venv\lib\site-packages\django\template\base.py", line 977, in render
    return SafeString(''.join([
  File "E:\Engineers\Microfilm\venv\lib\site-packages\django\template\base.py", line 978, in <listcomp>
    node.render_annotated(context) for node in self
  File "E:\Engineers\Microfilm\venv\lib\site-packages\django\template\base.py", line 938, in render_annotated
    return self.render(context)
  File "E:\Engineers\Microfilm\venv\lib\site-packages\django\template\defaulttags.py", line 442, in render
    url = reverse(view_name, args=args, kwargs=kwargs, current_app=current_app)
  File "E:\Engineers\Microfilm\venv\lib\site-packages\django\urls\base.py", line 86, in reverse
    return resolver._reverse_with_prefix(view, prefix, *args, **kwargs)
  File "E:\Engineers\Microfilm\venv\lib\site-packages\django\urls\resolvers.py", line 729, in _reverse_with_prefix
    raise NoReverseMatch(msg)
django.urls.exceptions.NoReverseMatch: Reverse for 'console' not found. 'console' is not a valid view function or pattern name.
ERROR 2021-12-20 21:05:01,589 basehttp 179 "GET / HTTP/1.1" 500 116397
INFO 2021-12-20 21:06:45,391 autoreload 257 E:\Engineers\Microfilm\Microfilm\urls.py changed, reloading.
INFO 2021-12-20 21:06:45,734 autoreload 643 Watching for file changes with StatReloader
INFO 2021-12-20 21:06:48,179 basehttp 179 "GET / HTTP/1.1" 200 24005
WARNING 2021-12-20 21:06:48,203 log 225 Not Found: /home/console.html
WARNING 2021-12-20 21:06:48,203 basehttp 179 "GET /home/console.html HTTP/1.1" 404 2355
INFO 2021-12-20 21:07:01,905 basehttp 179 "GET / HTTP/1.1" 200 24005
WARNING 2021-12-20 21:07:01,935 log 225 Not Found: /home/console.html
WARNING 2021-12-20 21:07:01,936 basehttp 179 "GET /home/console.html HTTP/1.1" 404 2355
WARNING 2021-12-20 21:07:46,040 log 225 Not Found: /home/homepage1.html
WARNING 2021-12-20 21:07:46,040 basehttp 179 "GET /home/homepage1.html HTTP/1.1" 404 2361
INFO 2021-12-20 21:09:15,025 basehttp 179 "GET / HTTP/1.1" 200 23997
WARNING 2021-12-20 21:09:15,053 log 225 Not Found: /home/console.html
WARNING 2021-12-20 21:09:15,054 basehttp 179 "GET /home/console.html HTTP/1.1" 404 2355
INFO 2021-12-20 21:09:15,828 basehttp 179 "GET / HTTP/1.1" 200 23997
WARNING 2021-12-20 21:09:15,846 log 225 Not Found: /home/console.html
WARNING 2021-12-20 21:09:15,846 basehttp 179 "GET /home/console.html HTTP/1.1" 404 2355
ERROR 2021-12-20 21:09:16,840 log 225 Internal Server Error: /console/
Traceback (most recent call last):
  File "E:\Engineers\Microfilm\venv\lib\site-packages\django\core\handlers\exception.py", line 47, in inner
    response = get_response(request)
  File "E:\Engineers\Microfilm\venv\lib\site-packages\django\core\handlers\base.py", line 181, in _get_response
    response = wrapped_callback(request, *callback_args, **callback_kwargs)
  File "E:\Engineers\Microfilm\views\system_manage.py", line 14, in console
    return render(request, '/home/console.html')
  File "E:\Engineers\Microfilm\venv\lib\site-packages\django\shortcuts.py", line 19, in render
    content = loader.render_to_string(template_name, context, request, using=using)
  File "E:\Engineers\Microfilm\venv\lib\site-packages\django\template\loader.py", line 61, in render_to_string
    template = get_template(template_name, using=using)
  File "E:\Engineers\Microfilm\venv\lib\site-packages\django\template\loader.py", line 19, in get_template
    raise TemplateDoesNotExist(template_name, chain=chain)
django.template.exceptions.TemplateDoesNotExist: /home/console.html
ERROR 2021-12-20 21:09:16,841 basehttp 179 "GET /console/ HTTP/1.1" 500 76970
INFO 2021-12-20 21:09:20,937 basehttp 179 "GET / HTTP/1.1" 200 23997
WARNING 2021-12-20 21:09:20,953 log 225 Not Found: /home/console.html
WARNING 2021-12-20 21:09:20,954 basehttp 179 "GET /home/console.html HTTP/1.1" 404 2355
ERROR 2021-12-20 21:09:28,343 log 225 Internal Server Error: /console/
Traceback (most recent call last):
  File "E:\Engineers\Microfilm\venv\lib\site-packages\django\core\handlers\exception.py", line 47, in inner
    response = get_response(request)
  File "E:\Engineers\Microfilm\venv\lib\site-packages\django\core\handlers\base.py", line 181, in _get_response
    response = wrapped_callback(request, *callback_args, **callback_kwargs)
  File "E:\Engineers\Microfilm\views\system_manage.py", line 14, in console
    return render(request, '/home/console.html')
  File "E:\Engineers\Microfilm\venv\lib\site-packages\django\shortcuts.py", line 19, in render
    content = loader.render_to_string(template_name, context, request, using=using)
  File "E:\Engineers\Microfilm\venv\lib\site-packages\django\template\loader.py", line 61, in render_to_string
    template = get_template(template_name, using=using)
  File "E:\Engineers\Microfilm\venv\lib\site-packages\django\template\loader.py", line 19, in get_template
    raise TemplateDoesNotExist(template_name, chain=chain)
django.template.exceptions.TemplateDoesNotExist: /home/console.html
ERROR 2021-12-20 21:09:28,344 basehttp 179 "GET /console/ HTTP/1.1" 500 76970
INFO 2021-12-20 21:10:12,292 autoreload 257 E:\Engineers\Microfilm\views\system_manage.py changed, reloading.
INFO 2021-12-20 21:10:12,633 autoreload 643 Watching for file changes with StatReloader
INFO 2021-12-20 21:10:15,739 basehttp 179 "GET / HTTP/1.1" 200 23997
WARNING 2021-12-20 21:10:15,757 log 225 Not Found: /home/console.html
WARNING 2021-12-20 21:10:15,758 basehttp 179 "GET /home/console.html HTTP/1.1" 404 2355
INFO 2021-12-20 21:10:19,276 basehttp 179 "GET /console/ HTTP/1.1" 200 14628
INFO 2021-12-20 21:10:24,959 basehttp 179 "GET / HTTP/1.1" 200 23997
WARNING 2021-12-20 21:10:24,975 log 225 Not Found: /home/console.html
WARNING 2021-12-20 21:10:24,976 basehttp 179 "GET /home/console.html HTTP/1.1" 404 2355
INFO 2021-12-20 21:10:48,774 autoreload 257 E:\Engineers\Microfilm\views\system_manage.py changed, reloading.
INFO 2021-12-20 21:10:49,165 autoreload 643 Watching for file changes with StatReloader
INFO 2021-12-20 21:11:07,973 basehttp 179 "GET /admin/ HTTP/1.1" 302 0
INFO 2021-12-20 21:11:07,996 basehttp 179 "GET /admin/login/?next=/admin/ HTTP/1.1" 200 2220
INFO 2021-12-20 21:11:08,011 basehttp 179 "GET /statics/admin/css/base.css HTTP/1.1" 304 0
INFO 2021-12-20 21:11:08,011 basehttp 179 "GET /statics/admin/css/nav_sidebar.css HTTP/1.1" 304 0
INFO 2021-12-20 21:11:08,012 basehttp 179 "GET /statics/admin/css/login.css HTTP/1.1" 304 0
INFO 2021-12-20 21:11:08,013 basehttp 179 "GET /statics/admin/css/responsive.css HTTP/1.1" 304 0
INFO 2021-12-20 21:11:08,013 basehttp 179 "GET /statics/admin/js/nav_sidebar.js HTTP/1.1" 304 0
INFO 2021-12-20 21:11:08,015 basehttp 179 "GET /statics/admin/css/fonts.css HTTP/1.1" 304 0
INFO 2021-12-20 21:11:08,027 basehttp 179 "GET /statics/admin/fonts/Roboto-Regular-webfont.woff HTTP/1.1" 304 0
INFO 2021-12-20 21:11:08,038 basehttp 179 "GET /statics/admin/fonts/Roboto-Light-webfont.woff HTTP/1.1" 304 0
INFO 2021-12-20 21:11:12,055 basehttp 179 "GET /console HTTP/1.1" 301 0
INFO 2021-12-20 21:11:12,059 basehttp 179 "GET /console/ HTTP/1.1" 200 14628
WARNING 2021-12-20 21:11:12,085 log 225 Not Found: /layuiadmin/layui/css/layui.css
WARNING 2021-12-20 21:11:12,085 log 225 Not Found: /layuiadmin/style/admin.css
WARNING 2021-12-20 21:11:12,086 log 225 Not Found: /layuiadmin/layui/layui.js
WARNING 2021-12-20 21:11:12,087 basehttp 179 "GET /layuiadmin/layui/css/layui.css HTTP/1.1" 404 2394
WARNING 2021-12-20 21:11:12,087 basehttp 179 "GET /layuiadmin/style/admin.css HTTP/1.1" 404 2382
WARNING 2021-12-20 21:11:12,087 basehttp 179 "GET /layuiadmin/layui/layui.js?t=1 HTTP/1.1" 404 2383
INFO 2021-12-20 21:11:17,468 basehttp 179 "GET /admin/login/?next=/admin/ HTTP/1.1" 200 2220
ERROR 2021-12-20 21:11:20,070 log 225 Internal Server Error: /
Traceback (most recent call last):
  File "E:\Engineers\Microfilm\venv\lib\site-packages\django\core\handlers\exception.py", line 47, in inner
    response = get_response(request)
  File "E:\Engineers\Microfilm\venv\lib\site-packages\django\core\handlers\base.py", line 181, in _get_response
    response = wrapped_callback(request, *callback_args, **callback_kwargs)
  File "E:\Engineers\Microfilm\views\system_manage.py", line 19, in index
    return render(request,'views/index.html')
  File "E:\Engineers\Microfilm\venv\lib\site-packages\django\shortcuts.py", line 19, in render
    content = loader.render_to_string(template_name, context, request, using=using)
  File "E:\Engineers\Microfilm\venv\lib\site-packages\django\template\loader.py", line 61, in render_to_string
    template = get_template(template_name, using=using)
  File "E:\Engineers\Microfilm\venv\lib\site-packages\django\template\loader.py", line 19, in get_template
    raise TemplateDoesNotExist(template_name, chain=chain)
django.template.exceptions.TemplateDoesNotExist: views/index.html
ERROR 2021-12-20 21:11:20,071 basehttp 179 "GET / HTTP/1.1" 500 77963
INFO 2021-12-20 21:11:32,552 autoreload 257 E:\Engineers\Microfilm\views\system_manage.py changed, reloading.
INFO 2021-12-20 21:11:32,876 autoreload 643 Watching for file changes with StatReloader
INFO 2021-12-20 21:11:33,356 basehttp 179 "GET / HTTP/1.1" 200 23997
WARNING 2021-12-20 21:11:33,383 log 225 Not Found: /home/console.html
WARNING 2021-12-20 21:11:33,383 basehttp 179 "GET /home/console.html HTTP/1.1" 404 2355
INFO 2021-12-20 21:11:38,971 basehttp 179 "GET /console/ HTTP/1.1" 200 14628
WARNING 2021-12-20 21:11:39,670 log 225 Not Found: /home/homepage1.html
WARNING 2021-12-20 21:11:39,670 basehttp 179 "GET /home/homepage1.html HTTP/1.1" 404 2361
WARNING 2021-12-20 21:11:40,327 log 225 Not Found: /home/homepage2.html
WARNING 2021-12-20 21:11:40,327 basehttp 179 "GET /home/homepage2.html HTTP/1.1" 404 2361
